2017-09-21 16:50:50,383 ERROR [org.apache.velocity.tools.view.ViewToolInfo] - Exception when calling init(Object) on com.eyeieye.melody.demo.access.AdminAccessVMTool@28fc1dce
java.lang.reflect.InvocationTargetException
	at sun.reflect.NativeMethodAccessorImpl.invoke0(Native Method)
	at sun.reflect.NativeMethodAccessorImpl.invoke(NativeMethodAccessorImpl.java:57)
	at sun.reflect.DelegatingMethodAccessorImpl.invoke(DelegatingMethodAccessorImpl.java:43)
	at java.lang.reflect.Method.invoke(Method.java:606)
	at org.apache.velocity.tools.view.ViewToolInfo.getInstance(ViewToolInfo.java:229)
	at org.apache.velocity.tools.view.servlet.ServletToolboxManager.getToolbox(ServletToolboxManager.java:416)
	at org.springframework.web.servlet.view.velocity.VelocityToolboxView.createVelocityContext(VelocityToolboxView.java:111)
	at org.springframework.web.servlet.view.velocity.VelocityView.renderMergedTemplateModel(VelocityView.java:287)
	at org.springframework.web.servlet.view.AbstractTemplateView.renderMergedOutputModel(AbstractTemplateView.java:167)
	at org.springframework.web.servlet.view.AbstractView.render(AbstractView.java:250)
	at org.springframework.web.servlet.DispatcherServlet.render(DispatcherServlet.java:1047)
	at org.springframework.web.servlet.DispatcherServlet.doDispatch(DispatcherServlet.java:817)
	at org.springframework.web.servlet.DispatcherServlet.doService(DispatcherServlet.java:719)
	at com.eyeieye.melody.web.servlet.DispatcherServlet.doService(DispatcherServlet.java:49)
	at org.springframework.web.servlet.FrameworkServlet.processRequest(FrameworkServlet.java:644)
	at org.springframework.web.servlet.FrameworkServlet.doGet(FrameworkServlet.java:549)
	at javax.servlet.http.HttpServlet.service(HttpServlet.java:624)
	at javax.servlet.http.HttpServlet.service(HttpServlet.java:731)
	at org.apache.catalina.core.ApplicationFilterChain.internalDoFilter(ApplicationFilterChain.java:303)
	at org.apache.catalina.core.ApplicationFilterChain.doFilter(ApplicationFilterChain.java:208)
	at org.apache.tomcat.websocket.server.WsFilter.doFilter(WsFilter.java:52)
	at org.apache.catalina.core.ApplicationFilterChain.internalDoFilter(ApplicationFilterChain.java:241)
	at org.apache.catalina.core.ApplicationFilterChain.doFilter(ApplicationFilterChain.java:208)
	at com.eyeieye.melody.web.filter.SimpleOncePerRequestFilterChain$SimpleFilterChain.doFilter(SimpleOncePerRequestFilterChain.java:75)
	at com.eyeieye.melody.web.filter.PageCacheFilter.doFilter(PageCacheFilter.java:41)
	at com.eyeieye.melody.web.filter.SimpleOncePerRequestFilterChain$SimpleFilterChain.doFilter(SimpleOncePerRequestFilterChain.java:77)
	at com.eyeieye.melody.web.contain.ContainFilter.doFilter(ContainFilter.java:93)
	at com.eyeieye.melody.web.filter.SimpleOncePerRequestFilterChain$SimpleFilterChain.doFilter(SimpleOncePerRequestFilterChain.java:77)
	at com.eyeieye.melody.web.nosession.NoSessionFilter.doFilterInternal(NoSessionFilter.java:585)
	at org.springframework.web.filter.OncePerRequestFilter.doFilter(OncePerRequestFilter.java:76)
	at com.eyeieye.melody.web.filter.SimpleOncePerRequestFilterChain$SimpleFilterChain.doFilter(SimpleOncePerRequestFilterChain.java:77)
	at com.eyeieye.melody.web.filter.ResponseOutputBufferFilter.doFilterInternal(ResponseOutputBufferFilter.java:161)
	at org.springframework.web.filter.OncePerRequestFilter.doFilter(OncePerRequestFilter.java:76)
	at com.eyeieye.melody.web.filter.SimpleOncePerRequestFilterChain$SimpleFilterChain.doFilter(SimpleOncePerRequestFilterChain.java:77)
	at com.eyeieye.melody.profiler.SpringPerformanceMonitorFilter.doFilter(SpringPerformanceMonitorFilter.java:32)
	at com.eyeieye.melody.web.filter.SimpleOncePerRequestFilterChain$SimpleFilterChain.doFilter(SimpleOncePerRequestFilterChain.java:77)
	at org.springframework.web.filter.CharacterEncodingFilter.doFilterInternal(CharacterEncodingFilter.java:88)
	at org.springframework.web.filter.OncePerRequestFilter.doFilter(OncePerRequestFilter.java:76)
	at com.eyeieye.melody.web.filter.SimpleOncePerRequestFilterChain$SimpleFilterChain.doFilter(SimpleOncePerRequestFilterChain.java:77)
	at com.eyeieye.melody.web.filter.SimpleOncePerRequestFilterChain.doFilter(SimpleOncePerRequestFilterChain.java:46)
	at org.springframework.web.filter.DelegatingFilterProxy.invokeDelegate(DelegatingFilterProxy.java:237)
	at org.springframework.web.filter.DelegatingFilterProxy.doFilter(DelegatingFilterProxy.java:167)
	at org.apache.catalina.core.ApplicationFilterChain.internalDoFilter(ApplicationFilterChain.java:241)
	at org.apache.catalina.core.ApplicationFilterChain.doFilter(ApplicationFilterChain.java:208)
	at org.apache.catalina.core.StandardWrapperValve.invoke(StandardWrapperValve.java:218)
	at org.apache.catalina.core.StandardContextValve.invoke(StandardContextValve.java:122)
	at org.apache.catalina.authenticator.AuthenticatorBase.invoke(AuthenticatorBase.java:505)
	at org.apache.catalina.core.StandardHostValve.invoke(StandardHostValve.java:169)
	at org.apache.catalina.valves.ErrorReportValve.invoke(ErrorReportValve.java:103)
	at org.apache.catalina.valves.AccessLogValve.invoke(AccessLogValve.java:958)
	at org.apache.catalina.core.StandardEngineValve.invoke(StandardEngineValve.java:116)
	at org.apache.catalina.connector.CoyoteAdapter.service(CoyoteAdapter.java:452)
	at org.apache.coyote.http11.AbstractHttp11Processor.process(AbstractHttp11Processor.java:1087)
	at org.apache.coyote.AbstractProtocol$AbstractConnectionHandler.process(AbstractProtocol.java:637)
	at org.apache.tomcat.util.net.NioEndpoint$SocketProcessor.doRun(NioEndpoint.java:1756)
	at org.apache.tomcat.util.net.NioEndpoint$SocketProcessor.run(NioEndpoint.java:1715)
	at java.util.concurrent.ThreadPoolExecutor.runWorker(ThreadPoolExecutor.java:1145)
	at java.util.concurrent.ThreadPoolExecutor$Worker.run(ThreadPoolExecutor.java:615)
	at org.apache.tomcat.util.threads.TaskThread$WrappingRunnable.run(TaskThread.java:61)
	at java.lang.Thread.run(Thread.java:745)
Caused by: java.lang.IllegalStateException: AdministerAgent not find in Cookyjar
	at com.eyeieye.melody.demo.access.AdminAccessVMTool.init(AdminAccessVMTool.java:27)
	... 60 more
2017-09-21 16:51:13,142 ERROR [org.apache.velocity.tools.view.ViewToolInfo] - Exception when calling init(Object) on com.eyeieye.melody.demo.access.AdminAccessVMTool@d31e29a
java.lang.reflect.InvocationTargetException
	at sun.reflect.NativeMethodAccessorImpl.invoke0(Native Method)
	at sun.reflect.NativeMethodAccessorImpl.invoke(NativeMethodAccessorImpl.java:57)
	at sun.reflect.DelegatingMethodAccessorImpl.invoke(DelegatingMethodAccessorImpl.java:43)
	at java.lang.reflect.Method.invoke(Method.java:606)
	at org.apache.velocity.tools.view.ViewToolInfo.getInstance(ViewToolInfo.java:229)
	at org.apache.velocity.tools.view.servlet.ServletToolboxManager.getToolbox(ServletToolboxManager.java:416)
	at org.springframework.web.servlet.view.velocity.VelocityToolboxView.createVelocityContext(VelocityToolboxView.java:111)
	at org.springframework.web.servlet.view.velocity.VelocityView.renderMergedTemplateModel(VelocityView.java:287)
	at org.springframework.web.servlet.view.AbstractTemplateView.renderMergedOutputModel(AbstractTemplateView.java:167)
	at org.springframework.web.servlet.view.AbstractView.render(AbstractView.java:250)
	at org.springframework.web.servlet.DispatcherServlet.render(DispatcherServlet.java:1047)
	at org.springframework.web.servlet.DispatcherServlet.doDispatch(DispatcherServlet.java:817)
	at org.springframework.web.servlet.DispatcherServlet.doService(DispatcherServlet.java:719)
	at com.eyeieye.melody.web.servlet.DispatcherServlet.doService(DispatcherServlet.java:49)
	at org.springframework.web.servlet.FrameworkServlet.processRequest(FrameworkServlet.java:644)
	at org.springframework.web.servlet.FrameworkServlet.doGet(FrameworkServlet.java:549)
	at javax.servlet.http.HttpServlet.service(HttpServlet.java:624)
	at javax.servlet.http.HttpServlet.service(HttpServlet.java:731)
	at org.apache.catalina.core.ApplicationFilterChain.internalDoFilter(ApplicationFilterChain.java:303)
	at org.apache.catalina.core.ApplicationFilterChain.doFilter(ApplicationFilterChain.java:208)
	at org.apache.tomcat.websocket.server.WsFilter.doFilter(WsFilter.java:52)
	at org.apache.catalina.core.ApplicationFilterChain.internalDoFilter(ApplicationFilterChain.java:241)
	at org.apache.catalina.core.ApplicationFilterChain.doFilter(ApplicationFilterChain.java:208)
	at com.eyeieye.melody.web.filter.SimpleOncePerRequestFilterChain$SimpleFilterChain.doFilter(SimpleOncePerRequestFilterChain.java:75)
	at com.eyeieye.melody.web.filter.PageCacheFilter.doFilter(PageCacheFilter.java:41)
	at com.eyeieye.melody.web.filter.SimpleOncePerRequestFilterChain$SimpleFilterChain.doFilter(SimpleOncePerRequestFilterChain.java:77)
	at com.eyeieye.melody.web.contain.ContainFilter.doFilter(ContainFilter.java:93)
	at com.eyeieye.melody.web.filter.SimpleOncePerRequestFilterChain$SimpleFilterChain.doFilter(SimpleOncePerRequestFilterChain.java:77)
	at com.eyeieye.melody.web.nosession.NoSessionFilter.doFilterInternal(NoSessionFilter.java:585)
	at org.springframework.web.filter.OncePerRequestFilter.doFilter(OncePerRequestFilter.java:76)
	at com.eyeieye.melody.web.filter.SimpleOncePerRequestFilterChain$SimpleFilterChain.doFilter(SimpleOncePerRequestFilterChain.java:77)
	at com.eyeieye.melody.web.filter.ResponseOutputBufferFilter.doFilterInternal(ResponseOutputBufferFilter.java:161)
	at org.springframework.web.filter.OncePerRequestFilter.doFilter(OncePerRequestFilter.java:76)
	at com.eyeieye.melody.web.filter.SimpleOncePerRequestFilterChain$SimpleFilterChain.doFilter(SimpleOncePerRequestFilterChain.java:77)
	at com.eyeieye.melody.profiler.SpringPerformanceMonitorFilter.doFilter(SpringPerformanceMonitorFilter.java:32)
	at com.eyeieye.melody.web.filter.SimpleOncePerRequestFilterChain$SimpleFilterChain.doFilter(SimpleOncePerRequestFilterChain.java:77)
	at org.springframework.web.filter.CharacterEncodingFilter.doFilterInternal(CharacterEncodingFilter.java:88)
	at org.springframework.web.filter.OncePerRequestFilter.doFilter(OncePerRequestFilter.java:76)
	at com.eyeieye.melody.web.filter.SimpleOncePerRequestFilterChain$SimpleFilterChain.doFilter(SimpleOncePerRequestFilterChain.java:77)
	at com.eyeieye.melody.web.filter.SimpleOncePerRequestFilterChain.doFilter(SimpleOncePerRequestFilterChain.java:46)
	at org.springframework.web.filter.DelegatingFilterProxy.invokeDelegate(DelegatingFilterProxy.java:237)
	at org.springframework.web.filter.DelegatingFilterProxy.doFilter(DelegatingFilterProxy.java:167)
	at org.apache.catalina.core.ApplicationFilterChain.internalDoFilter(ApplicationFilterChain.java:241)
	at org.apache.catalina.core.ApplicationFilterChain.doFilter(ApplicationFilterChain.java:208)
	at org.apache.catalina.core.StandardWrapperValve.invoke(StandardWrapperValve.java:218)
	at org.apache.catalina.core.StandardContextValve.invoke(StandardContextValve.java:122)
	at org.apache.catalina.authenticator.AuthenticatorBase.invoke(AuthenticatorBase.java:505)
	at org.apache.catalina.core.StandardHostValve.invoke(StandardHostValve.java:169)
	at org.apache.catalina.valves.ErrorReportValve.invoke(ErrorReportValve.java:103)
	at org.apache.catalina.valves.AccessLogValve.invoke(AccessLogValve.java:958)
	at org.apache.catalina.core.StandardEngineValve.invoke(StandardEngineValve.java:116)
	at org.apache.catalina.connector.CoyoteAdapter.service(CoyoteAdapter.java:452)
	at org.apache.coyote.http11.AbstractHttp11Processor.process(AbstractHttp11Processor.java:1087)
	at org.apache.coyote.AbstractProtocol$AbstractConnectionHandler.process(AbstractProtocol.java:637)
	at org.apache.tomcat.util.net.NioEndpoint$SocketProcessor.doRun(NioEndpoint.java:1756)
	at org.apache.tomcat.util.net.NioEndpoint$SocketProcessor.run(NioEndpoint.java:1715)
	at java.util.concurrent.ThreadPoolExecutor.runWorker(ThreadPoolExecutor.java:1145)
	at java.util.concurrent.ThreadPoolExecutor$Worker.run(ThreadPoolExecutor.java:615)
	at org.apache.tomcat.util.threads.TaskThread$WrappingRunnable.run(TaskThread.java:61)
	at java.lang.Thread.run(Thread.java:745)
Caused by: java.lang.IllegalStateException: AdministerAgent not find in Cookyjar
	at com.eyeieye.melody.demo.access.AdminAccessVMTool.init(AdminAccessVMTool.java:27)
	... 60 more
2017-09-21 16:51:22,266 ERROR [org.apache.velocity.tools.view.ViewToolInfo] - Exception when calling init(Object) on com.eyeieye.melody.demo.access.AdminAccessVMTool@1a8b2725
java.lang.reflect.InvocationTargetException
	at sun.reflect.NativeMethodAccessorImpl.invoke0(Native Method)
	at sun.reflect.NativeMethodAccessorImpl.invoke(NativeMethodAccessorImpl.java:57)
	at sun.reflect.DelegatingMethodAccessorImpl.invoke(DelegatingMethodAccessorImpl.java:43)
	at java.lang.reflect.Method.invoke(Method.java:606)
	at org.apache.velocity.tools.view.ViewToolInfo.getInstance(ViewToolInfo.java:229)
	at org.apache.velocity.tools.view.servlet.ServletToolboxManager.getToolbox(ServletToolboxManager.java:416)
	at org.springframework.web.servlet.view.velocity.VelocityToolboxView.createVelocityContext(VelocityToolboxView.java:111)
	at org.springframework.web.servlet.view.velocity.VelocityView.renderMergedTemplateModel(VelocityView.java:287)
	at org.springframework.web.servlet.view.AbstractTemplateView.renderMergedOutputModel(AbstractTemplateView.java:167)
	at org.springframework.web.servlet.view.AbstractView.render(AbstractView.java:250)
	at org.springframework.web.servlet.DispatcherServlet.render(DispatcherServlet.java:1047)
	at org.springframework.web.servlet.DispatcherServlet.doDispatch(DispatcherServlet.java:817)
	at org.springframework.web.servlet.DispatcherServlet.doService(DispatcherServlet.java:719)
	at com.eyeieye.melody.web.servlet.DispatcherServlet.doService(DispatcherServlet.java:49)
	at org.springframework.web.servlet.FrameworkServlet.processRequest(FrameworkServlet.java:644)
	at org.springframework.web.servlet.FrameworkServlet.doGet(FrameworkServlet.java:549)
	at javax.servlet.http.HttpServlet.service(HttpServlet.java:624)
	at javax.servlet.http.HttpServlet.service(HttpServlet.java:731)
	at org.apache.catalina.core.ApplicationFilterChain.internalDoFilter(ApplicationFilterChain.java:303)
	at org.apache.catalina.core.ApplicationFilterChain.doFilter(ApplicationFilterChain.java:208)
	at org.apache.tomcat.websocket.server.WsFilter.doFilter(WsFilter.java:52)
	at org.apache.catalina.core.ApplicationFilterChain.internalDoFilter(ApplicationFilterChain.java:241)
	at org.apache.catalina.core.ApplicationFilterChain.doFilter(ApplicationFilterChain.java:208)
	at com.eyeieye.melody.web.filter.SimpleOncePerRequestFilterChain$SimpleFilterChain.doFilter(SimpleOncePerRequestFilterChain.java:75)
	at com.eyeieye.melody.web.filter.PageCacheFilter.doFilter(PageCacheFilter.java:41)
	at com.eyeieye.melody.web.filter.SimpleOncePerRequestFilterChain$SimpleFilterChain.doFilter(SimpleOncePerRequestFilterChain.java:77)
	at com.eyeieye.melody.web.contain.ContainFilter.doFilter(ContainFilter.java:93)
	at com.eyeieye.melody.web.filter.SimpleOncePerRequestFilterChain$SimpleFilterChain.doFilter(SimpleOncePerRequestFilterChain.java:77)
	at com.eyeieye.melody.web.nosession.NoSessionFilter.doFilterInternal(NoSessionFilter.java:585)
	at org.springframework.web.filter.OncePerRequestFilter.doFilter(OncePerRequestFilter.java:76)
	at com.eyeieye.melody.web.filter.SimpleOncePerRequestFilterChain$SimpleFilterChain.doFilter(SimpleOncePerRequestFilterChain.java:77)
	at com.eyeieye.melody.web.filter.ResponseOutputBufferFilter.doFilterInternal(ResponseOutputBufferFilter.java:161)
	at org.springframework.web.filter.OncePerRequestFilter.doFilter(OncePerRequestFilter.java:76)
	at com.eyeieye.melody.web.filter.SimpleOncePerRequestFilterChain$SimpleFilterChain.doFilter(SimpleOncePerRequestFilterChain.java:77)
	at com.eyeieye.melody.profiler.SpringPerformanceMonitorFilter.doFilter(SpringPerformanceMonitorFilter.java:32)
	at com.eyeieye.melody.web.filter.SimpleOncePerRequestFilterChain$SimpleFilterChain.doFilter(SimpleOncePerRequestFilterChain.java:77)
	at org.springframework.web.filter.CharacterEncodingFilter.doFilterInternal(CharacterEncodingFilter.java:88)
	at org.springframework.web.filter.OncePerRequestFilter.doFilter(OncePerRequestFilter.java:76)
	at com.eyeieye.melody.web.filter.SimpleOncePerRequestFilterChain$SimpleFilterChain.doFilter(SimpleOncePerRequestFilterChain.java:77)
	at com.eyeieye.melody.web.filter.SimpleOncePerRequestFilterChain.doFilter(SimpleOncePerRequestFilterChain.java:46)
	at org.springframework.web.filter.DelegatingFilterProxy.invokeDelegate(DelegatingFilterProxy.java:237)
	at org.springframework.web.filter.DelegatingFilterProxy.doFilter(DelegatingFilterProxy.java:167)
	at org.apache.catalina.core.ApplicationFilterChain.internalDoFilter(ApplicationFilterChain.java:241)
	at org.apache.catalina.core.ApplicationFilterChain.doFilter(ApplicationFilterChain.java:208)
	at org.apache.catalina.core.StandardWrapperValve.invoke(StandardWrapperValve.java:218)
	at org.apache.catalina.core.StandardContextValve.invoke(StandardContextValve.java:122)
	at org.apache.catalina.authenticator.AuthenticatorBase.invoke(AuthenticatorBase.java:505)
	at org.apache.catalina.core.StandardHostValve.invoke(StandardHostValve.java:169)
	at org.apache.catalina.valves.ErrorReportValve.invoke(ErrorReportValve.java:103)
	at org.apache.catalina.valves.AccessLogValve.invoke(AccessLogValve.java:958)
	at org.apache.catalina.core.StandardEngineValve.invoke(StandardEngineValve.java:116)
	at org.apache.catalina.connector.CoyoteAdapter.service(CoyoteAdapter.java:452)
	at org.apache.coyote.http11.AbstractHttp11Processor.process(AbstractHttp11Processor.java:1087)
	at org.apache.coyote.AbstractProtocol$AbstractConnectionHandler.process(AbstractProtocol.java:637)
	at org.apache.tomcat.util.net.NioEndpoint$SocketProcessor.doRun(NioEndpoint.java:1756)
	at org.apache.tomcat.util.net.NioEndpoint$SocketProcessor.run(NioEndpoint.java:1715)
	at java.util.concurrent.ThreadPoolExecutor.runWorker(ThreadPoolExecutor.java:1145)
	at java.util.concurrent.ThreadPoolExecutor$Worker.run(ThreadPoolExecutor.java:615)
	at org.apache.tomcat.util.threads.TaskThread$WrappingRunnable.run(TaskThread.java:61)
	at java.lang.Thread.run(Thread.java:745)
Caused by: java.lang.IllegalStateException: AdministerAgent not find in Cookyjar
	at com.eyeieye.melody.demo.access.AdminAccessVMTool.init(AdminAccessVMTool.java:27)
	... 60 more
2017-09-21 16:52:06,688 ERROR [org.apache.velocity.tools.view.ViewToolInfo] - Exception when calling init(Object) on com.eyeieye.melody.demo.access.AdminAccessVMTool@11dc21e5
java.lang.reflect.InvocationTargetException
	at sun.reflect.NativeMethodAccessorImpl.invoke0(Native Method)
	at sun.reflect.NativeMethodAccessorImpl.invoke(NativeMethodAccessorImpl.java:57)
	at sun.reflect.DelegatingMethodAccessorImpl.invoke(DelegatingMethodAccessorImpl.java:43)
	at java.lang.reflect.Method.invoke(Method.java:606)
	at org.apache.velocity.tools.view.ViewToolInfo.getInstance(ViewToolInfo.java:229)
	at org.apache.velocity.tools.view.servlet.ServletToolboxManager.getToolbox(ServletToolboxManager.java:416)
	at org.springframework.web.servlet.view.velocity.VelocityToolboxView.createVelocityContext(VelocityToolboxView.java:111)
	at org.springframework.web.servlet.view.velocity.VelocityView.renderMergedTemplateModel(VelocityView.java:287)
	at org.springframework.web.servlet.view.AbstractTemplateView.renderMergedOutputModel(AbstractTemplateView.java:167)
	at org.springframework.web.servlet.view.AbstractView.render(AbstractView.java:250)
	at org.springframework.web.servlet.DispatcherServlet.render(DispatcherServlet.java:1047)
	at org.springframework.web.servlet.DispatcherServlet.doDispatch(DispatcherServlet.java:817)
	at org.springframework.web.servlet.DispatcherServlet.doService(DispatcherServlet.java:719)
	at com.eyeieye.melody.web.servlet.DispatcherServlet.doService(DispatcherServlet.java:49)
	at org.springframework.web.servlet.FrameworkServlet.processRequest(FrameworkServlet.java:644)
	at org.springframework.web.servlet.FrameworkServlet.doGet(FrameworkServlet.java:549)
	at javax.servlet.http.HttpServlet.service(HttpServlet.java:624)
	at javax.servlet.http.HttpServlet.service(HttpServlet.java:731)
	at org.apache.catalina.core.ApplicationFilterChain.internalDoFilter(ApplicationFilterChain.java:303)
	at org.apache.catalina.core.ApplicationFilterChain.doFilter(ApplicationFilterChain.java:208)
	at org.apache.tomcat.websocket.server.WsFilter.doFilter(WsFilter.java:52)
	at org.apache.catalina.core.ApplicationFilterChain.internalDoFilter(ApplicationFilterChain.java:241)
	at org.apache.catalina.core.ApplicationFilterChain.doFilter(ApplicationFilterChain.java:208)
	at com.eyeieye.melody.web.filter.SimpleOncePerRequestFilterChain$SimpleFilterChain.doFilter(SimpleOncePerRequestFilterChain.java:75)
	at com.eyeieye.melody.web.filter.PageCacheFilter.doFilter(PageCacheFilter.java:41)
	at com.eyeieye.melody.web.filter.SimpleOncePerRequestFilterChain$SimpleFilterChain.doFilter(SimpleOncePerRequestFilterChain.java:77)
	at com.eyeieye.melody.web.contain.ContainFilter.doFilter(ContainFilter.java:93)
	at com.eyeieye.melody.web.filter.SimpleOncePerRequestFilterChain$SimpleFilterChain.doFilter(SimpleOncePerRequestFilterChain.java:77)
	at com.eyeieye.melody.web.nosession.NoSessionFilter.doFilterInternal(NoSessionFilter.java:585)
	at org.springframework.web.filter.OncePerRequestFilter.doFilter(OncePerRequestFilter.java:76)
	at com.eyeieye.melody.web.filter.SimpleOncePerRequestFilterChain$SimpleFilterChain.doFilter(SimpleOncePerRequestFilterChain.java:77)
	at com.eyeieye.melody.web.filter.ResponseOutputBufferFilter.doFilterInternal(ResponseOutputBufferFilter.java:161)
	at org.springframework.web.filter.OncePerRequestFilter.doFilter(OncePerRequestFilter.java:76)
	at com.eyeieye.melody.web.filter.SimpleOncePerRequestFilterChain$SimpleFilterChain.doFilter(SimpleOncePerRequestFilterChain.java:77)
	at com.eyeieye.melody.profiler.SpringPerformanceMonitorFilter.doFilter(SpringPerformanceMonitorFilter.java:32)
	at com.eyeieye.melody.web.filter.SimpleOncePerRequestFilterChain$SimpleFilterChain.doFilter(SimpleOncePerRequestFilterChain.java:77)
	at org.springframework.web.filter.CharacterEncodingFilter.doFilterInternal(CharacterEncodingFilter.java:88)
	at org.springframework.web.filter.OncePerRequestFilter.doFilter(OncePerRequestFilter.java:76)
	at com.eyeieye.melody.web.filter.SimpleOncePerRequestFilterChain$SimpleFilterChain.doFilter(SimpleOncePerRequestFilterChain.java:77)
	at com.eyeieye.melody.web.filter.SimpleOncePerRequestFilterChain.doFilter(SimpleOncePerRequestFilterChain.java:46)
	at org.springframework.web.filter.DelegatingFilterProxy.invokeDelegate(DelegatingFilterProxy.java:237)
	at org.springframework.web.filter.DelegatingFilterProxy.doFilter(DelegatingFilterProxy.java:167)
	at org.apache.catalina.core.ApplicationFilterChain.internalDoFilter(ApplicationFilterChain.java:241)
	at org.apache.catalina.core.ApplicationFilterChain.doFilter(ApplicationFilterChain.java:208)
	at org.apache.catalina.core.StandardWrapperValve.invoke(StandardWrapperValve.java:218)
	at org.apache.catalina.core.StandardContextValve.invoke(StandardContextValve.java:122)
	at org.apache.catalina.authenticator.AuthenticatorBase.invoke(AuthenticatorBase.java:505)
	at org.apache.catalina.core.StandardHostValve.invoke(StandardHostValve.java:169)
	at org.apache.catalina.valves.ErrorReportValve.invoke(ErrorReportValve.java:103)
	at org.apache.catalina.valves.AccessLogValve.invoke(AccessLogValve.java:958)
	at org.apache.catalina.core.StandardEngineValve.invoke(StandardEngineValve.java:116)
	at org.apache.catalina.connector.CoyoteAdapter.service(CoyoteAdapter.java:452)
	at org.apache.coyote.http11.AbstractHttp11Processor.process(AbstractHttp11Processor.java:1087)
	at org.apache.coyote.AbstractProtocol$AbstractConnectionHandler.process(AbstractProtocol.java:637)
	at org.apache.tomcat.util.net.NioEndpoint$SocketProcessor.doRun(NioEndpoint.java:1756)
	at org.apache.tomcat.util.net.NioEndpoint$SocketProcessor.run(NioEndpoint.java:1715)
	at java.util.concurrent.ThreadPoolExecutor.runWorker(ThreadPoolExecutor.java:1145)
	at java.util.concurrent.ThreadPoolExecutor$Worker.run(ThreadPoolExecutor.java:615)
	at org.apache.tomcat.util.threads.TaskThread$WrappingRunnable.run(TaskThread.java:61)
	at java.lang.Thread.run(Thread.java:745)
Caused by: java.lang.IllegalStateException: AdministerAgent not find in Cookyjar
	at com.eyeieye.melody.demo.access.AdminAccessVMTool.init(AdminAccessVMTool.java:27)
	... 60 more
2017-09-21 16:52:38,674 ERROR [org.apache.velocity.tools.view.ViewToolInfo] - Exception when calling init(Object) on com.eyeieye.melody.demo.access.AdminAccessVMTool@3d56bf35
java.lang.reflect.InvocationTargetException
	at sun.reflect.NativeMethodAccessorImpl.invoke0(Native Method)
	at sun.reflect.NativeMethodAccessorImpl.invoke(NativeMethodAccessorImpl.java:57)
	at sun.reflect.DelegatingMethodAccessorImpl.invoke(DelegatingMethodAccessorImpl.java:43)
	at java.lang.reflect.Method.invoke(Method.java:606)
	at org.apache.velocity.tools.view.ViewToolInfo.getInstance(ViewToolInfo.java:229)
	at org.apache.velocity.tools.view.servlet.ServletToolboxManager.getToolbox(ServletToolboxManager.java:416)
	at org.springframework.web.servlet.view.velocity.VelocityToolboxView.createVelocityContext(VelocityToolboxView.java:111)
	at org.springframework.web.servlet.view.velocity.VelocityView.renderMergedTemplateModel(VelocityView.java:287)
	at org.springframework.web.servlet.view.AbstractTemplateView.renderMergedOutputModel(AbstractTemplateView.java:167)
	at org.springframework.web.servlet.view.AbstractView.render(AbstractView.java:250)
	at org.springframework.web.servlet.DispatcherServlet.render(DispatcherServlet.java:1047)
	at org.springframework.web.servlet.DispatcherServlet.doDispatch(DispatcherServlet.java:817)
	at org.springframework.web.servlet.DispatcherServlet.doService(DispatcherServlet.java:719)
	at com.eyeieye.melody.web.servlet.DispatcherServlet.doService(DispatcherServlet.java:49)
	at org.springframework.web.servlet.FrameworkServlet.processRequest(FrameworkServlet.java:644)
	at org.springframework.web.servlet.FrameworkServlet.doGet(FrameworkServlet.java:549)
	at javax.servlet.http.HttpServlet.service(HttpServlet.java:624)
	at javax.servlet.http.HttpServlet.service(HttpServlet.java:731)
	at org.apache.catalina.core.ApplicationFilterChain.internalDoFilter(ApplicationFilterChain.java:303)
	at org.apache.catalina.core.ApplicationFilterChain.doFilter(ApplicationFilterChain.java:208)
	at org.apache.tomcat.websocket.server.WsFilter.doFilter(WsFilter.java:52)
	at org.apache.catalina.core.ApplicationFilterChain.internalDoFilter(ApplicationFilterChain.java:241)
	at org.apache.catalina.core.ApplicationFilterChain.doFilter(ApplicationFilterChain.java:208)
	at com.eyeieye.melody.web.filter.SimpleOncePerRequestFilterChain$SimpleFilterChain.doFilter(SimpleOncePerRequestFilterChain.java:75)
	at com.eyeieye.melody.web.filter.PageCacheFilter.doFilter(PageCacheFilter.java:41)
	at com.eyeieye.melody.web.filter.SimpleOncePerRequestFilterChain$SimpleFilterChain.doFilter(SimpleOncePerRequestFilterChain.java:77)
	at com.eyeieye.melody.web.contain.ContainFilter.doFilter(ContainFilter.java:93)
	at com.eyeieye.melody.web.filter.SimpleOncePerRequestFilterChain$SimpleFilterChain.doFilter(SimpleOncePerRequestFilterChain.java:77)
	at com.eyeieye.melody.web.nosession.NoSessionFilter.doFilterInternal(NoSessionFilter.java:585)
	at org.springframework.web.filter.OncePerRequestFilter.doFilter(OncePerRequestFilter.java:76)
	at com.eyeieye.melody.web.filter.SimpleOncePerRequestFilterChain$SimpleFilterChain.doFilter(SimpleOncePerRequestFilterChain.java:77)
	at com.eyeieye.melody.web.filter.ResponseOutputBufferFilter.doFilterInternal(ResponseOutputBufferFilter.java:161)
	at org.springframework.web.filter.OncePerRequestFilter.doFilter(OncePerRequestFilter.java:76)
	at com.eyeieye.melody.web.filter.SimpleOncePerRequestFilterChain$SimpleFilterChain.doFilter(SimpleOncePerRequestFilterChain.java:77)
	at com.eyeieye.melody.profiler.SpringPerformanceMonitorFilter.doFilter(SpringPerformanceMonitorFilter.java:32)
	at com.eyeieye.melody.web.filter.SimpleOncePerRequestFilterChain$SimpleFilterChain.doFilter(SimpleOncePerRequestFilterChain.java:77)
	at org.springframework.web.filter.CharacterEncodingFilter.doFilterInternal(CharacterEncodingFilter.java:88)
	at org.springframework.web.filter.OncePerRequestFilter.doFilter(OncePerRequestFilter.java:76)
	at com.eyeieye.melody.web.filter.SimpleOncePerRequestFilterChain$SimpleFilterChain.doFilter(SimpleOncePerRequestFilterChain.java:77)
	at com.eyeieye.melody.web.filter.SimpleOncePerRequestFilterChain.doFilter(SimpleOncePerRequestFilterChain.java:46)
	at org.springframework.web.filter.DelegatingFilterProxy.invokeDelegate(DelegatingFilterProxy.java:237)
	at org.springframework.web.filter.DelegatingFilterProxy.doFilter(DelegatingFilterProxy.java:167)
	at org.apache.catalina.core.ApplicationFilterChain.internalDoFilter(ApplicationFilterChain.java:241)
	at org.apache.catalina.core.ApplicationFilterChain.doFilter(ApplicationFilterChain.java:208)
	at org.apache.catalina.core.StandardWrapperValve.invoke(StandardWrapperValve.java:218)
	at org.apache.catalina.core.StandardContextValve.invoke(StandardContextValve.java:122)
	at org.apache.catalina.authenticator.AuthenticatorBase.invoke(AuthenticatorBase.java:505)
	at org.apache.catalina.core.StandardHostValve.invoke(StandardHostValve.java:169)
	at org.apache.catalina.valves.ErrorReportValve.invoke(ErrorReportValve.java:103)
	at org.apache.catalina.valves.AccessLogValve.invoke(AccessLogValve.java:958)
	at org.apache.catalina.core.StandardEngineValve.invoke(StandardEngineValve.java:116)
	at org.apache.catalina.connector.CoyoteAdapter.service(CoyoteAdapter.java:452)
	at org.apache.coyote.http11.AbstractHttp11Processor.process(AbstractHttp11Processor.java:1087)
	at org.apache.coyote.AbstractProtocol$AbstractConnectionHandler.process(AbstractProtocol.java:637)
	at org.apache.tomcat.util.net.NioEndpoint$SocketProcessor.doRun(NioEndpoint.java:1756)
	at org.apache.tomcat.util.net.NioEndpoint$SocketProcessor.run(NioEndpoint.java:1715)
	at java.util.concurrent.ThreadPoolExecutor.runWorker(ThreadPoolExecutor.java:1145)
	at java.util.concurrent.ThreadPoolExecutor$Worker.run(ThreadPoolExecutor.java:615)
	at org.apache.tomcat.util.threads.TaskThread$WrappingRunnable.run(TaskThread.java:61)
	at java.lang.Thread.run(Thread.java:745)
Caused by: java.lang.IllegalStateException: AdministerAgent not find in Cookyjar
	at com.eyeieye.melody.demo.access.AdminAccessVMTool.init(AdminAccessVMTool.java:27)
	... 60 more
2017-09-21 16:53:44,141 ERROR [org.apache.velocity.tools.view.ViewToolInfo] - Exception when calling init(Object) on com.eyeieye.melody.demo.access.AdminAccessVMTool@422b1d89
java.lang.reflect.InvocationTargetException
	at sun.reflect.NativeMethodAccessorImpl.invoke0(Native Method)
	at sun.reflect.NativeMethodAccessorImpl.invoke(NativeMethodAccessorImpl.java:57)
	at sun.reflect.DelegatingMethodAccessorImpl.invoke(DelegatingMethodAccessorImpl.java:43)
	at java.lang.reflect.Method.invoke(Method.java:606)
	at org.apache.velocity.tools.view.ViewToolInfo.getInstance(ViewToolInfo.java:229)
	at org.apache.velocity.tools.view.servlet.ServletToolboxManager.getToolbox(ServletToolboxManager.java:416)
	at org.springframework.web.servlet.view.velocity.VelocityToolboxView.createVelocityContext(VelocityToolboxView.java:111)
	at org.springframework.web.servlet.view.velocity.VelocityView.renderMergedTemplateModel(VelocityView.java:287)
	at org.springframework.web.servlet.view.AbstractTemplateView.renderMergedOutputModel(AbstractTemplateView.java:167)
	at org.springframework.web.servlet.view.AbstractView.render(AbstractView.java:250)
	at org.springframework.web.servlet.DispatcherServlet.render(DispatcherServlet.java:1047)
	at org.springframework.web.servlet.DispatcherServlet.doDispatch(DispatcherServlet.java:817)
	at org.springframework.web.servlet.DispatcherServlet.doService(DispatcherServlet.java:719)
	at com.eyeieye.melody.web.servlet.DispatcherServlet.doService(DispatcherServlet.java:49)
	at org.springframework.web.servlet.FrameworkServlet.processRequest(FrameworkServlet.java:644)
	at org.springframework.web.servlet.FrameworkServlet.doGet(FrameworkServlet.java:549)
	at javax.servlet.http.HttpServlet.service(HttpServlet.java:624)
	at javax.servlet.http.HttpServlet.service(HttpServlet.java:731)
	at org.apache.catalina.core.ApplicationFilterChain.internalDoFilter(ApplicationFilterChain.java:303)
	at org.apache.catalina.core.ApplicationFilterChain.doFilter(ApplicationFilterChain.java:208)
	at org.apache.tomcat.websocket.server.WsFilter.doFilter(WsFilter.java:52)
	at org.apache.catalina.core.ApplicationFilterChain.internalDoFilter(ApplicationFilterChain.java:241)
	at org.apache.catalina.core.ApplicationFilterChain.doFilter(ApplicationFilterChain.java:208)
	at com.eyeieye.melody.web.filter.SimpleOncePerRequestFilterChain$SimpleFilterChain.doFilter(SimpleOncePerRequestFilterChain.java:75)
	at com.eyeieye.melody.web.filter.PageCacheFilter.doFilter(PageCacheFilter.java:41)
	at com.eyeieye.melody.web.filter.SimpleOncePerRequestFilterChain$SimpleFilterChain.doFilter(SimpleOncePerRequestFilterChain.java:77)
	at com.eyeieye.melody.web.contain.ContainFilter.doFilter(ContainFilter.java:93)
	at com.eyeieye.melody.web.filter.SimpleOncePerRequestFilterChain$SimpleFilterChain.doFilter(SimpleOncePerRequestFilterChain.java:77)
	at com.eyeieye.melody.web.nosession.NoSessionFilter.doFilterInternal(NoSessionFilter.java:585)
	at org.springframework.web.filter.OncePerRequestFilter.doFilter(OncePerRequestFilter.java:76)
	at com.eyeieye.melody.web.filter.SimpleOncePerRequestFilterChain$SimpleFilterChain.doFilter(SimpleOncePerRequestFilterChain.java:77)
	at com.eyeieye.melody.web.filter.ResponseOutputBufferFilter.doFilterInternal(ResponseOutputBufferFilter.java:161)
	at org.springframework.web.filter.OncePerRequestFilter.doFilter(OncePerRequestFilter.java:76)
	at com.eyeieye.melody.web.filter.SimpleOncePerRequestFilterChain$SimpleFilterChain.doFilter(SimpleOncePerRequestFilterChain.java:77)
	at com.eyeieye.melody.profiler.SpringPerformanceMonitorFilter.doFilter(SpringPerformanceMonitorFilter.java:32)
	at com.eyeieye.melody.web.filter.SimpleOncePerRequestFilterChain$SimpleFilterChain.doFilter(SimpleOncePerRequestFilterChain.java:77)
	at org.springframework.web.filter.CharacterEncodingFilter.doFilterInternal(CharacterEncodingFilter.java:88)
	at org.springframework.web.filter.OncePerRequestFilter.doFilter(OncePerRequestFilter.java:76)
	at com.eyeieye.melody.web.filter.SimpleOncePerRequestFilterChain$SimpleFilterChain.doFilter(SimpleOncePerRequestFilterChain.java:77)
	at com.eyeieye.melody.web.filter.SimpleOncePerRequestFilterChain.doFilter(SimpleOncePerRequestFilterChain.java:46)
	at org.springframework.web.filter.DelegatingFilterProxy.invokeDelegate(DelegatingFilterProxy.java:237)
	at org.springframework.web.filter.DelegatingFilterProxy.doFilter(DelegatingFilterProxy.java:167)
	at org.apache.catalina.core.ApplicationFilterChain.internalDoFilter(ApplicationFilterChain.java:241)
	at org.apache.catalina.core.ApplicationFilterChain.doFilter(ApplicationFilterChain.java:208)
	at org.apache.catalina.core.StandardWrapperValve.invoke(StandardWrapperValve.java:218)
	at org.apache.catalina.core.StandardContextValve.invoke(StandardContextValve.java:122)
	at org.apache.catalina.authenticator.AuthenticatorBase.invoke(AuthenticatorBase.java:505)
	at org.apache.catalina.core.StandardHostValve.invoke(StandardHostValve.java:169)
	at org.apache.catalina.valves.ErrorReportValve.invoke(ErrorReportValve.java:103)
	at org.apache.catalina.valves.AccessLogValve.invoke(AccessLogValve.java:958)
	at org.apache.catalina.core.StandardEngineValve.invoke(StandardEngineValve.java:116)
	at org.apache.catalina.connector.CoyoteAdapter.service(CoyoteAdapter.java:452)
	at org.apache.coyote.http11.AbstractHttp11Processor.process(AbstractHttp11Processor.java:1087)
	at org.apache.coyote.AbstractProtocol$AbstractConnectionHandler.process(AbstractProtocol.java:637)
	at org.apache.tomcat.util.net.NioEndpoint$SocketProcessor.doRun(NioEndpoint.java:1756)
	at org.apache.tomcat.util.net.NioEndpoint$SocketProcessor.run(NioEndpoint.java:1715)
	at java.util.concurrent.ThreadPoolExecutor.runWorker(ThreadPoolExecutor.java:1145)
	at java.util.concurrent.ThreadPoolExecutor$Worker.run(ThreadPoolExecutor.java:615)
	at org.apache.tomcat.util.threads.TaskThread$WrappingRunnable.run(TaskThread.java:61)
	at java.lang.Thread.run(Thread.java:745)
Caused by: java.lang.IllegalStateException: AdministerAgent not find in Cookyjar
	at com.eyeieye.melody.demo.access.AdminAccessVMTool.init(AdminAccessVMTool.java:27)
	... 60 more
2017-09-21 16:53:46,078 ERROR [org.apache.velocity.tools.view.ViewToolInfo] - Exception when calling init(Object) on com.eyeieye.melody.demo.access.AdminAccessVMTool@49497d13
java.lang.reflect.InvocationTargetException
	at sun.reflect.NativeMethodAccessorImpl.invoke0(Native Method)
	at sun.reflect.NativeMethodAccessorImpl.invoke(NativeMethodAccessorImpl.java:57)
	at sun.reflect.DelegatingMethodAccessorImpl.invoke(DelegatingMethodAccessorImpl.java:43)
	at java.lang.reflect.Method.invoke(Method.java:606)
	at org.apache.velocity.tools.view.ViewToolInfo.getInstance(ViewToolInfo.java:229)
	at org.apache.velocity.tools.view.servlet.ServletToolboxManager.getToolbox(ServletToolboxManager.java:416)
	at org.springframework.web.servlet.view.velocity.VelocityToolboxView.createVelocityContext(VelocityToolboxView.java:111)
	at org.springframework.web.servlet.view.velocity.VelocityView.renderMergedTemplateModel(VelocityView.java:287)
	at org.springframework.web.servlet.view.AbstractTemplateView.renderMergedOutputModel(AbstractTemplateView.java:167)
	at org.springframework.web.servlet.view.AbstractView.render(AbstractView.java:250)
	at org.springframework.web.servlet.DispatcherServlet.render(DispatcherServlet.java:1047)
	at org.springframework.web.servlet.DispatcherServlet.doDispatch(DispatcherServlet.java:817)
	at org.springframework.web.servlet.DispatcherServlet.doService(DispatcherServlet.java:719)
	at com.eyeieye.melody.web.servlet.DispatcherServlet.doService(DispatcherServlet.java:49)
	at org.springframework.web.servlet.FrameworkServlet.processRequest(FrameworkServlet.java:644)
	at org.springframework.web.servlet.FrameworkServlet.doGet(FrameworkServlet.java:549)
	at javax.servlet.http.HttpServlet.service(HttpServlet.java:624)
	at javax.servlet.http.HttpServlet.service(HttpServlet.java:731)
	at org.apache.catalina.core.ApplicationFilterChain.internalDoFilter(ApplicationFilterChain.java:303)
	at org.apache.catalina.core.ApplicationFilterChain.doFilter(ApplicationFilterChain.java:208)
	at org.apache.tomcat.websocket.server.WsFilter.doFilter(WsFilter.java:52)
	at org.apache.catalina.core.ApplicationFilterChain.internalDoFilter(ApplicationFilterChain.java:241)
	at org.apache.catalina.core.ApplicationFilterChain.doFilter(ApplicationFilterChain.java:208)
	at com.eyeieye.melody.web.filter.SimpleOncePerRequestFilterChain$SimpleFilterChain.doFilter(SimpleOncePerRequestFilterChain.java:75)
	at com.eyeieye.melody.web.filter.PageCacheFilter.doFilter(PageCacheFilter.java:41)
	at com.eyeieye.melody.web.filter.SimpleOncePerRequestFilterChain$SimpleFilterChain.doFilter(SimpleOncePerRequestFilterChain.java:77)
	at com.eyeieye.melody.web.contain.ContainFilter.doFilter(ContainFilter.java:93)
	at com.eyeieye.melody.web.filter.SimpleOncePerRequestFilterChain$SimpleFilterChain.doFilter(SimpleOncePerRequestFilterChain.java:77)
	at com.eyeieye.melody.web.nosession.NoSessionFilter.doFilterInternal(NoSessionFilter.java:585)
	at org.springframework.web.filter.OncePerRequestFilter.doFilter(OncePerRequestFilter.java:76)
	at com.eyeieye.melody.web.filter.SimpleOncePerRequestFilterChain$SimpleFilterChain.doFilter(SimpleOncePerRequestFilterChain.java:77)
	at com.eyeieye.melody.web.filter.ResponseOutputBufferFilter.doFilterInternal(ResponseOutputBufferFilter.java:161)
	at org.springframework.web.filter.OncePerRequestFilter.doFilter(OncePerRequestFilter.java:76)
	at com.eyeieye.melody.web.filter.SimpleOncePerRequestFilterChain$SimpleFilterChain.doFilter(SimpleOncePerRequestFilterChain.java:77)
	at com.eyeieye.melody.profiler.SpringPerformanceMonitorFilter.doFilter(SpringPerformanceMonitorFilter.java:32)
	at com.eyeieye.melody.web.filter.SimpleOncePerRequestFilterChain$SimpleFilterChain.doFilter(SimpleOncePerRequestFilterChain.java:77)
	at org.springframework.web.filter.CharacterEncodingFilter.doFilterInternal(CharacterEncodingFilter.java:88)
	at org.springframework.web.filter.OncePerRequestFilter.doFilter(OncePerRequestFilter.java:76)
	at com.eyeieye.melody.web.filter.SimpleOncePerRequestFilterChain$SimpleFilterChain.doFilter(SimpleOncePerRequestFilterChain.java:77)
	at com.eyeieye.melody.web.filter.SimpleOncePerRequestFilterChain.doFilter(SimpleOncePerRequestFilterChain.java:46)
	at org.springframework.web.filter.DelegatingFilterProxy.invokeDelegate(DelegatingFilterProxy.java:237)
	at org.springframework.web.filter.DelegatingFilterProxy.doFilter(DelegatingFilterProxy.java:167)
	at org.apache.catalina.core.ApplicationFilterChain.internalDoFilter(ApplicationFilterChain.java:241)
	at org.apache.catalina.core.ApplicationFilterChain.doFilter(ApplicationFilterChain.java:208)
	at org.apache.catalina.core.StandardWrapperValve.invoke(StandardWrapperValve.java:218)
	at org.apache.catalina.core.StandardContextValve.invoke(StandardContextValve.java:122)
	at org.apache.catalina.authenticator.AuthenticatorBase.invoke(AuthenticatorBase.java:505)
	at org.apache.catalina.core.StandardHostValve.invoke(StandardHostValve.java:169)
	at org.apache.catalina.valves.ErrorReportValve.invoke(ErrorReportValve.java:103)
	at org.apache.catalina.valves.AccessLogValve.invoke(AccessLogValve.java:958)
	at org.apache.catalina.core.StandardEngineValve.invoke(StandardEngineValve.java:116)
	at org.apache.catalina.connector.CoyoteAdapter.service(CoyoteAdapter.java:452)
	at org.apache.coyote.http11.AbstractHttp11Processor.process(AbstractHttp11Processor.java:1087)
	at org.apache.coyote.AbstractProtocol$AbstractConnectionHandler.process(AbstractProtocol.java:637)
	at org.apache.tomcat.util.net.NioEndpoint$SocketProcessor.doRun(NioEndpoint.java:1756)
	at org.apache.tomcat.util.net.NioEndpoint$SocketProcessor.run(NioEndpoint.java:1715)
	at java.util.concurrent.ThreadPoolExecutor.runWorker(ThreadPoolExecutor.java:1145)
	at java.util.concurrent.ThreadPoolExecutor$Worker.run(ThreadPoolExecutor.java:615)
	at org.apache.tomcat.util.threads.TaskThread$WrappingRunnable.run(TaskThread.java:61)
	at java.lang.Thread.run(Thread.java:745)
Caused by: java.lang.IllegalStateException: AdministerAgent not find in Cookyjar
	at com.eyeieye.melody.demo.access.AdminAccessVMTool.init(AdminAccessVMTool.java:27)
	... 60 more
2017-09-21 16:54:11,286 ERROR [org.apache.velocity.tools.view.ViewToolInfo] - Exception when calling init(Object) on com.eyeieye.melody.demo.access.AdminAccessVMTool@33b28d
java.lang.reflect.InvocationTargetException
	at sun.reflect.NativeMethodAccessorImpl.invoke0(Native Method)
	at sun.reflect.NativeMethodAccessorImpl.invoke(NativeMethodAccessorImpl.java:57)
	at sun.reflect.DelegatingMethodAccessorImpl.invoke(DelegatingMethodAccessorImpl.java:43)
	at java.lang.reflect.Method.invoke(Method.java:606)
	at org.apache.velocity.tools.view.ViewToolInfo.getInstance(ViewToolInfo.java:229)
	at org.apache.velocity.tools.view.servlet.ServletToolboxManager.getToolbox(ServletToolboxManager.java:416)
	at org.springframework.web.servlet.view.velocity.VelocityToolboxView.createVelocityContext(VelocityToolboxView.java:111)
	at org.springframework.web.servlet.view.velocity.VelocityView.renderMergedTemplateModel(VelocityView.java:287)
	at org.springframework.web.servlet.view.AbstractTemplateView.renderMergedOutputModel(AbstractTemplateView.java:167)
	at org.springframework.web.servlet.view.AbstractView.render(AbstractView.java:250)
	at org.springframework.web.servlet.DispatcherServlet.render(DispatcherServlet.java:1047)
	at org.springframework.web.servlet.DispatcherServlet.doDispatch(DispatcherServlet.java:817)
	at org.springframework.web.servlet.DispatcherServlet.doService(DispatcherServlet.java:719)
	at com.eyeieye.melody.web.servlet.DispatcherServlet.doService(DispatcherServlet.java:49)
	at org.springframework.web.servlet.FrameworkServlet.processRequest(FrameworkServlet.java:644)
	at org.springframework.web.servlet.FrameworkServlet.doGet(FrameworkServlet.java:549)
	at javax.servlet.http.HttpServlet.service(HttpServlet.java:624)
	at javax.servlet.http.HttpServlet.service(HttpServlet.java:731)
	at org.apache.catalina.core.ApplicationFilterChain.internalDoFilter(ApplicationFilterChain.java:303)
	at org.apache.catalina.core.ApplicationFilterChain.doFilter(ApplicationFilterChain.java:208)
	at org.apache.tomcat.websocket.server.WsFilter.doFilter(WsFilter.java:52)
	at org.apache.catalina.core.ApplicationFilterChain.internalDoFilter(ApplicationFilterChain.java:241)
	at org.apache.catalina.core.ApplicationFilterChain.doFilter(ApplicationFilterChain.java:208)
	at com.eyeieye.melody.web.filter.SimpleOncePerRequestFilterChain$SimpleFilterChain.doFilter(SimpleOncePerRequestFilterChain.java:75)
	at com.eyeieye.melody.web.filter.PageCacheFilter.doFilter(PageCacheFilter.java:41)
	at com.eyeieye.melody.web.filter.SimpleOncePerRequestFilterChain$SimpleFilterChain.doFilter(SimpleOncePerRequestFilterChain.java:77)
	at com.eyeieye.melody.web.contain.ContainFilter.doFilter(ContainFilter.java:93)
	at com.eyeieye.melody.web.filter.SimpleOncePerRequestFilterChain$SimpleFilterChain.doFilter(SimpleOncePerRequestFilterChain.java:77)
	at com.eyeieye.melody.web.nosession.NoSessionFilter.doFilterInternal(NoSessionFilter.java:585)
	at org.springframework.web.filter.OncePerRequestFilter.doFilter(OncePerRequestFilter.java:76)
	at com.eyeieye.melody.web.filter.SimpleOncePerRequestFilterChain$SimpleFilterChain.doFilter(SimpleOncePerRequestFilterChain.java:77)
	at com.eyeieye.melody.web.filter.ResponseOutputBufferFilter.doFilterInternal(ResponseOutputBufferFilter.java:161)
	at org.springframework.web.filter.OncePerRequestFilter.doFilter(OncePerRequestFilter.java:76)
	at com.eyeieye.melody.web.filter.SimpleOncePerRequestFilterChain$SimpleFilterChain.doFilter(SimpleOncePerRequestFilterChain.java:77)
	at com.eyeieye.melody.profiler.SpringPerformanceMonitorFilter.doFilter(SpringPerformanceMonitorFilter.java:32)
	at com.eyeieye.melody.web.filter.SimpleOncePerRequestFilterChain$SimpleFilterChain.doFilter(SimpleOncePerRequestFilterChain.java:77)
	at org.springframework.web.filter.CharacterEncodingFilter.doFilterInternal(CharacterEncodingFilter.java:88)
	at org.springframework.web.filter.OncePerRequestFilter.doFilter(OncePerRequestFilter.java:76)
	at com.eyeieye.melody.web.filter.SimpleOncePerRequestFilterChain$SimpleFilterChain.doFilter(SimpleOncePerRequestFilterChain.java:77)
	at com.eyeieye.melody.web.filter.SimpleOncePerRequestFilterChain.doFilter(SimpleOncePerRequestFilterChain.java:46)
	at org.springframework.web.filter.DelegatingFilterProxy.invokeDelegate(DelegatingFilterProxy.java:237)
	at org.springframework.web.filter.DelegatingFilterProxy.doFilter(DelegatingFilterProxy.java:167)
	at org.apache.catalina.core.ApplicationFilterChain.internalDoFilter(ApplicationFilterChain.java:241)
	at org.apache.catalina.core.ApplicationFilterChain.doFilter(ApplicationFilterChain.java:208)
	at org.apache.catalina.core.StandardWrapperValve.invoke(StandardWrapperValve.java:218)
	at org.apache.catalina.core.StandardContextValve.invoke(StandardContextValve.java:122)
	at org.apache.catalina.authenticator.AuthenticatorBase.invoke(AuthenticatorBase.java:505)
	at org.apache.catalina.core.StandardHostValve.invoke(StandardHostValve.java:169)
	at org.apache.catalina.valves.ErrorReportValve.invoke(ErrorReportValve.java:103)
	at org.apache.catalina.valves.AccessLogValve.invoke(AccessLogValve.java:958)
	at org.apache.catalina.core.StandardEngineValve.invoke(StandardEngineValve.java:116)
	at org.apache.catalina.connector.CoyoteAdapter.service(CoyoteAdapter.java:452)
	at org.apache.coyote.http11.AbstractHttp11Processor.process(AbstractHttp11Processor.java:1087)
	at org.apache.coyote.AbstractProtocol$AbstractConnectionHandler.process(AbstractProtocol.java:637)
	at org.apache.tomcat.util.net.NioEndpoint$SocketProcessor.doRun(NioEndpoint.java:1756)
	at org.apache.tomcat.util.net.NioEndpoint$SocketProcessor.run(NioEndpoint.java:1715)
	at java.util.concurrent.ThreadPoolExecutor.runWorker(ThreadPoolExecutor.java:1145)
	at java.util.concurrent.ThreadPoolExecutor$Worker.run(ThreadPoolExecutor.java:615)
	at org.apache.tomcat.util.threads.TaskThread$WrappingRunnable.run(TaskThread.java:61)
	at java.lang.Thread.run(Thread.java:745)
Caused by: java.lang.IllegalStateException: AdministerAgent not find in Cookyjar
	at com.eyeieye.melody.demo.access.AdminAccessVMTool.init(AdminAccessVMTool.java:27)
	... 60 more
2017-09-21 16:58:03,526 ERROR [org.apache.velocity.tools.view.ViewToolInfo] - Exception when calling init(Object) on com.eyeieye.melody.demo.access.AdminAccessVMTool@24a29d29
java.lang.reflect.InvocationTargetException
	at sun.reflect.NativeMethodAccessorImpl.invoke0(Native Method)
	at sun.reflect.NativeMethodAccessorImpl.invoke(NativeMethodAccessorImpl.java:57)
	at sun.reflect.DelegatingMethodAccessorImpl.invoke(DelegatingMethodAccessorImpl.java:43)
	at java.lang.reflect.Method.invoke(Method.java:606)
	at org.apache.velocity.tools.view.ViewToolInfo.getInstance(ViewToolInfo.java:229)
	at org.apache.velocity.tools.view.servlet.ServletToolboxManager.getToolbox(ServletToolboxManager.java:416)
	at org.springframework.web.servlet.view.velocity.VelocityToolboxView.createVelocityContext(VelocityToolboxView.java:111)
	at org.springframework.web.servlet.view.velocity.VelocityView.renderMergedTemplateModel(VelocityView.java:287)
	at org.springframework.web.servlet.view.AbstractTemplateView.renderMergedOutputModel(AbstractTemplateView.java:167)
	at org.springframework.web.servlet.view.AbstractView.render(AbstractView.java:250)
	at org.springframework.web.servlet.DispatcherServlet.render(DispatcherServlet.java:1047)
	at org.springframework.web.servlet.DispatcherServlet.doDispatch(DispatcherServlet.java:817)
	at org.springframework.web.servlet.DispatcherServlet.doService(DispatcherServlet.java:719)
	at com.eyeieye.melody.web.servlet.DispatcherServlet.doService(DispatcherServlet.java:49)
	at org.springframework.web.servlet.FrameworkServlet.processRequest(FrameworkServlet.java:644)
	at org.springframework.web.servlet.FrameworkServlet.doGet(FrameworkServlet.java:549)
	at javax.servlet.http.HttpServlet.service(HttpServlet.java:624)
	at javax.servlet.http.HttpServlet.service(HttpServlet.java:731)
	at org.apache.catalina.core.ApplicationFilterChain.internalDoFilter(ApplicationFilterChain.java:303)
	at org.apache.catalina.core.ApplicationFilterChain.doFilter(ApplicationFilterChain.java:208)
	at org.apache.tomcat.websocket.server.WsFilter.doFilter(WsFilter.java:52)
	at org.apache.catalina.core.ApplicationFilterChain.internalDoFilter(ApplicationFilterChain.java:241)
	at org.apache.catalina.core.ApplicationFilterChain.doFilter(ApplicationFilterChain.java:208)
	at com.eyeieye.melody.web.filter.SimpleOncePerRequestFilterChain$SimpleFilterChain.doFilter(SimpleOncePerRequestFilterChain.java:75)
	at com.eyeieye.melody.web.filter.PageCacheFilter.doFilter(PageCacheFilter.java:41)
	at com.eyeieye.melody.web.filter.SimpleOncePerRequestFilterChain$SimpleFilterChain.doFilter(SimpleOncePerRequestFilterChain.java:77)
	at com.eyeieye.melody.web.contain.ContainFilter.doFilter(ContainFilter.java:93)
	at com.eyeieye.melody.web.filter.SimpleOncePerRequestFilterChain$SimpleFilterChain.doFilter(SimpleOncePerRequestFilterChain.java:77)
	at com.eyeieye.melody.web.nosession.NoSessionFilter.doFilterInternal(NoSessionFilter.java:585)
	at org.springframework.web.filter.OncePerRequestFilter.doFilter(OncePerRequestFilter.java:76)
	at com.eyeieye.melody.web.filter.SimpleOncePerRequestFilterChain$SimpleFilterChain.doFilter(SimpleOncePerRequestFilterChain.java:77)
	at com.eyeieye.melody.web.filter.ResponseOutputBufferFilter.doFilterInternal(ResponseOutputBufferFilter.java:161)
	at org.springframework.web.filter.OncePerRequestFilter.doFilter(OncePerRequestFilter.java:76)
	at com.eyeieye.melody.web.filter.SimpleOncePerRequestFilterChain$SimpleFilterChain.doFilter(SimpleOncePerRequestFilterChain.java:77)
	at com.eyeieye.melody.profiler.SpringPerformanceMonitorFilter.doFilter(SpringPerformanceMonitorFilter.java:32)
	at com.eyeieye.melody.web.filter.SimpleOncePerRequestFilterChain$SimpleFilterChain.doFilter(SimpleOncePerRequestFilterChain.java:77)
	at org.springframework.web.filter.CharacterEncodingFilter.doFilterInternal(CharacterEncodingFilter.java:88)
	at org.springframework.web.filter.OncePerRequestFilter.doFilter(OncePerRequestFilter.java:76)
	at com.eyeieye.melody.web.filter.SimpleOncePerRequestFilterChain$SimpleFilterChain.doFilter(SimpleOncePerRequestFilterChain.java:77)
	at com.eyeieye.melody.web.filter.SimpleOncePerRequestFilterChain.doFilter(SimpleOncePerRequestFilterChain.java:46)
	at org.springframework.web.filter.DelegatingFilterProxy.invokeDelegate(DelegatingFilterProxy.java:237)
	at org.springframework.web.filter.DelegatingFilterProxy.doFilter(DelegatingFilterProxy.java:167)
	at org.apache.catalina.core.ApplicationFilterChain.internalDoFilter(ApplicationFilterChain.java:241)
	at org.apache.catalina.core.ApplicationFilterChain.doFilter(ApplicationFilterChain.java:208)
	at org.apache.catalina.core.StandardWrapperValve.invoke(StandardWrapperValve.java:218)
	at org.apache.catalina.core.StandardContextValve.invoke(StandardContextValve.java:122)
	at org.apache.catalina.authenticator.AuthenticatorBase.invoke(AuthenticatorBase.java:505)
	at org.apache.catalina.core.StandardHostValve.invoke(StandardHostValve.java:169)
	at org.apache.catalina.valves.ErrorReportValve.invoke(ErrorReportValve.java:103)
	at org.apache.catalina.valves.AccessLogValve.invoke(AccessLogValve.java:958)
	at org.apache.catalina.core.StandardEngineValve.invoke(StandardEngineValve.java:116)
	at org.apache.catalina.connector.CoyoteAdapter.service(CoyoteAdapter.java:452)
	at org.apache.coyote.http11.AbstractHttp11Processor.process(AbstractHttp11Processor.java:1087)
	at org.apache.coyote.AbstractProtocol$AbstractConnectionHandler.process(AbstractProtocol.java:637)
	at org.apache.tomcat.util.net.NioEndpoint$SocketProcessor.doRun(NioEndpoint.java:1756)
	at org.apache.tomcat.util.net.NioEndpoint$SocketProcessor.run(NioEndpoint.java:1715)
	at java.util.concurrent.ThreadPoolExecutor.runWorker(ThreadPoolExecutor.java:1145)
	at java.util.concurrent.ThreadPoolExecutor$Worker.run(ThreadPoolExecutor.java:615)
	at org.apache.tomcat.util.threads.TaskThread$WrappingRunnable.run(TaskThread.java:61)
	at java.lang.Thread.run(Thread.java:745)
Caused by: java.lang.IllegalStateException: AdministerAgent not find in Cookyjar
	at com.eyeieye.melody.demo.access.AdminAccessVMTool.init(AdminAccessVMTool.java:27)
	... 60 more
2017-09-21 16:58:04,363 ERROR [org.apache.velocity.tools.view.ViewToolInfo] - Exception when calling init(Object) on com.eyeieye.melody.demo.access.AdminAccessVMTool@1574a7af
java.lang.reflect.InvocationTargetException
	at sun.reflect.NativeMethodAccessorImpl.invoke0(Native Method)
	at sun.reflect.NativeMethodAccessorImpl.invoke(NativeMethodAccessorImpl.java:57)
	at sun.reflect.DelegatingMethodAccessorImpl.invoke(DelegatingMethodAccessorImpl.java:43)
	at java.lang.reflect.Method.invoke(Method.java:606)
	at org.apache.velocity.tools.view.ViewToolInfo.getInstance(ViewToolInfo.java:229)
	at org.apache.velocity.tools.view.servlet.ServletToolboxManager.getToolbox(ServletToolboxManager.java:416)
	at org.springframework.web.servlet.view.velocity.VelocityToolboxView.createVelocityContext(VelocityToolboxView.java:111)
	at org.springframework.web.servlet.view.velocity.VelocityView.renderMergedTemplateModel(VelocityView.java:287)
	at org.springframework.web.servlet.view.AbstractTemplateView.renderMergedOutputModel(AbstractTemplateView.java:167)
	at org.springframework.web.servlet.view.AbstractView.render(AbstractView.java:250)
	at org.springframework.web.servlet.DispatcherServlet.render(DispatcherServlet.java:1047)
	at org.springframework.web.servlet.DispatcherServlet.doDispatch(DispatcherServlet.java:817)
	at com.eyeieye.melody.web.servlet.DispatcherServlet.doService(DispatcherServlet.java:47)
	at org.springframework.web.servlet.FrameworkServlet.processRequest(FrameworkServlet.java:644)
	at org.springframework.web.servlet.FrameworkServlet.doGet(FrameworkServlet.java:549)
	at javax.servlet.http.HttpServlet.service(HttpServlet.java:624)
	at javax.servlet.http.HttpServlet.service(HttpServlet.java:731)
	at org.apache.catalina.core.ApplicationFilterChain.internalDoFilter(ApplicationFilterChain.java:303)
	at org.apache.catalina.core.ApplicationFilterChain.doFilter(ApplicationFilterChain.java:208)
	at org.apache.catalina.core.ApplicationDispatcher.invoke(ApplicationDispatcher.java:747)
	at org.apache.catalina.core.ApplicationDispatcher.doInclude(ApplicationDispatcher.java:603)
	at org.apache.catalina.core.ApplicationDispatcher.include(ApplicationDispatcher.java:542)
	at com.eyeieye.melody.web.contain.Contain$ControlRender.render(Contain.java:215)
	at org.apache.velocity.runtime.parser.node.ASTReference.render(ASTReference.java:414)
	at org.apache.velocity.runtime.parser.node.SimpleNode.render(SimpleNode.java:342)
	at org.apache.velocity.Template.merge(Template.java:356)
	at org.apache.velocity.Template.merge(Template.java:260)
	at org.springframework.web.servlet.view.velocity.VelocityView.mergeTemplate(VelocityView.java:517)
	at com.eyeieye.melody.web.velocity.resolver.FixedVelocityLayoutView.mergeTemplate(FixedVelocityLayoutView.java:351)
	at com.eyeieye.melody.web.velocity.resolver.FixedVelocityLayoutView.doRender(FixedVelocityLayoutView.java:229)
	at org.springframework.web.servlet.view.velocity.VelocityView.renderMergedTemplateModel(VelocityView.java:291)
	at org.springframework.web.servlet.view.AbstractTemplateView.renderMergedOutputModel(AbstractTemplateView.java:167)
	at org.springframework.web.servlet.view.AbstractView.render(AbstractView.java:250)
	at org.springframework.web.servlet.DispatcherServlet.render(DispatcherServlet.java:1047)
	at org.springframework.web.servlet.DispatcherServlet.doDispatch(DispatcherServlet.java:817)
	at org.springframework.web.servlet.DispatcherServlet.doService(DispatcherServlet.java:719)
	at com.eyeieye.melody.web.servlet.DispatcherServlet.doService(DispatcherServlet.java:49)
	at org.springframework.web.servlet.FrameworkServlet.processRequest(FrameworkServlet.java:644)
	at org.springframework.web.servlet.FrameworkServlet.doGet(FrameworkServlet.java:549)
	at javax.servlet.http.HttpServlet.service(HttpServlet.java:624)
	at javax.servlet.http.HttpServlet.service(HttpServlet.java:731)
	at org.apache.catalina.core.ApplicationFilterChain.internalDoFilter(ApplicationFilterChain.java:303)
	at org.apache.catalina.core.ApplicationFilterChain.doFilter(ApplicationFilterChain.java:208)
	at org.apache.tomcat.websocket.server.WsFilter.doFilter(WsFilter.java:52)
	at org.apache.catalina.core.ApplicationFilterChain.internalDoFilter(ApplicationFilterChain.java:241)
	at org.apache.catalina.core.ApplicationFilterChain.doFilter(ApplicationFilterChain.java:208)
	at com.eyeieye.melody.web.filter.SimpleOncePerRequestFilterChain$SimpleFilterChain.doFilter(SimpleOncePerRequestFilterChain.java:75)
	at com.eyeieye.melody.web.filter.PageCacheFilter.doFilter(PageCacheFilter.java:41)
	at com.eyeieye.melody.web.filter.SimpleOncePerRequestFilterChain$SimpleFilterChain.doFilter(SimpleOncePerRequestFilterChain.java:77)
	at com.eyeieye.melody.web.contain.ContainFilter.doFilter(ContainFilter.java:93)
	at com.eyeieye.melody.web.filter.SimpleOncePerRequestFilterChain$SimpleFilterChain.doFilter(SimpleOncePerRequestFilterChain.java:77)
	at com.eyeieye.melody.web.nosession.NoSessionFilter.doFilterInternal(NoSessionFilter.java:585)
	at org.springframework.web.filter.OncePerRequestFilter.doFilter(OncePerRequestFilter.java:76)
	at com.eyeieye.melody.web.filter.SimpleOncePerRequestFilterChain$SimpleFilterChain.doFilter(SimpleOncePerRequestFilterChain.java:77)
	at com.eyeieye.melody.web.filter.ResponseOutputBufferFilter.doFilterInternal(ResponseOutputBufferFilter.java:161)
	at org.springframework.web.filter.OncePerRequestFilter.doFilter(OncePerRequestFilter.java:76)
	at com.eyeieye.melody.web.filter.SimpleOncePerRequestFilterChain$SimpleFilterChain.doFilter(SimpleOncePerRequestFilterChain.java:77)
	at com.eyeieye.melody.profiler.SpringPerformanceMonitorFilter.doFilter(SpringPerformanceMonitorFilter.java:32)
	at com.eyeieye.melody.web.filter.SimpleOncePerRequestFilterChain$SimpleFilterChain.doFilter(SimpleOncePerRequestFilterChain.java:77)
	at org.springframework.web.filter.CharacterEncodingFilter.doFilterInternal(CharacterEncodingFilter.java:88)
	at org.springframework.web.filter.OncePerRequestFilter.doFilter(OncePerRequestFilter.java:76)
	at com.eyeieye.melody.web.filter.SimpleOncePerRequestFilterChain$SimpleFilterChain.doFilter(SimpleOncePerRequestFilterChain.java:77)
	at com.eyeieye.melody.web.filter.SimpleOncePerRequestFilterChain.doFilter(SimpleOncePerRequestFilterChain.java:46)
	at org.springframework.web.filter.DelegatingFilterProxy.invokeDelegate(DelegatingFilterProxy.java:237)
	at org.springframework.web.filter.DelegatingFilterProxy.doFilter(DelegatingFilterProxy.java:167)
	at org.apache.catalina.core.ApplicationFilterChain.internalDoFilter(ApplicationFilterChain.java:241)
	at org.apache.catalina.core.ApplicationFilterChain.doFilter(ApplicationFilterChain.java:208)
	at org.apache.catalina.core.StandardWrapperValve.invoke(StandardWrapperValve.java:218)
	at org.apache.catalina.core.StandardContextValve.invoke(StandardContextValve.java:122)
	at org.apache.catalina.authenticator.AuthenticatorBase.invoke(AuthenticatorBase.java:505)
	at org.apache.catalina.core.StandardHostValve.invoke(StandardHostValve.java:169)
	at org.apache.catalina.valves.ErrorReportValve.invoke(ErrorReportValve.java:103)
	at org.apache.catalina.valves.AccessLogValve.invoke(AccessLogValve.java:958)
	at org.apache.catalina.core.StandardEngineValve.invoke(StandardEngineValve.java:116)
	at org.apache.catalina.connector.CoyoteAdapter.service(CoyoteAdapter.java:452)
	at org.apache.coyote.http11.AbstractHttp11Processor.process(AbstractHttp11Processor.java:1087)
	at org.apache.coyote.AbstractProtocol$AbstractConnectionHandler.process(AbstractProtocol.java:637)
	at org.apache.tomcat.util.net.NioEndpoint$SocketProcessor.doRun(NioEndpoint.java:1756)
	at org.apache.tomcat.util.net.NioEndpoint$SocketProcessor.run(NioEndpoint.java:1715)
	at java.util.concurrent.ThreadPoolExecutor.runWorker(ThreadPoolExecutor.java:1145)
	at java.util.concurrent.ThreadPoolExecutor$Worker.run(ThreadPoolExecutor.java:615)
	at org.apache.tomcat.util.threads.TaskThread$WrappingRunnable.run(TaskThread.java:61)
	at java.lang.Thread.run(Thread.java:745)
Caused by: java.lang.IllegalStateException: AdministerAgent not find in Cookyjar
	at com.eyeieye.melody.demo.access.AdminAccessVMTool.init(AdminAccessVMTool.java:27)
	... 83 more
2017-09-21 16:58:04,487 ERROR [org.apache.velocity.tools.view.ViewToolInfo] - Exception when calling init(Object) on com.eyeieye.melody.demo.access.AdminAccessVMTool@3b91ebb0
java.lang.reflect.InvocationTargetException
	at sun.reflect.NativeMethodAccessorImpl.invoke0(Native Method)
	at sun.reflect.NativeMethodAccessorImpl.invoke(NativeMethodAccessorImpl.java:57)
	at sun.reflect.DelegatingMethodAccessorImpl.invoke(DelegatingMethodAccessorImpl.java:43)
	at java.lang.reflect.Method.invoke(Method.java:606)
	at org.apache.velocity.tools.view.ViewToolInfo.getInstance(ViewToolInfo.java:229)
	at org.apache.velocity.tools.view.servlet.ServletToolboxManager.getToolbox(ServletToolboxManager.java:416)
	at org.springframework.web.servlet.view.velocity.VelocityToolboxView.createVelocityContext(VelocityToolboxView.java:111)
	at org.springframework.web.servlet.view.velocity.VelocityView.renderMergedTemplateModel(VelocityView.java:287)
	at org.springframework.web.servlet.view.AbstractTemplateView.renderMergedOutputModel(AbstractTemplateView.java:167)
	at org.springframework.web.servlet.view.AbstractView.render(AbstractView.java:250)
	at org.springframework.web.servlet.DispatcherServlet.render(DispatcherServlet.java:1047)
	at org.springframework.web.servlet.DispatcherServlet.doDispatch(DispatcherServlet.java:817)
	at com.eyeieye.melody.web.servlet.DispatcherServlet.doService(DispatcherServlet.java:47)
	at org.springframework.web.servlet.FrameworkServlet.processRequest(FrameworkServlet.java:644)
	at org.springframework.web.servlet.FrameworkServlet.doGet(FrameworkServlet.java:549)
	at javax.servlet.http.HttpServlet.service(HttpServlet.java:624)
	at javax.servlet.http.HttpServlet.service(HttpServlet.java:731)
	at org.apache.catalina.core.ApplicationFilterChain.internalDoFilter(ApplicationFilterChain.java:303)
	at org.apache.catalina.core.ApplicationFilterChain.doFilter(ApplicationFilterChain.java:208)
	at org.apache.catalina.core.ApplicationDispatcher.invoke(ApplicationDispatcher.java:747)
	at org.apache.catalina.core.ApplicationDispatcher.doInclude(ApplicationDispatcher.java:603)
	at org.apache.catalina.core.ApplicationDispatcher.include(ApplicationDispatcher.java:542)
	at com.eyeieye.melody.web.contain.Contain$ControlRender.render(Contain.java:215)
	at org.apache.velocity.runtime.parser.node.ASTReference.render(ASTReference.java:414)
	at org.apache.velocity.runtime.parser.node.SimpleNode.render(SimpleNode.java:342)
	at org.apache.velocity.Template.merge(Template.java:356)
	at org.apache.velocity.Template.merge(Template.java:260)
	at org.springframework.web.servlet.view.velocity.VelocityView.mergeTemplate(VelocityView.java:517)
	at com.eyeieye.melody.web.velocity.resolver.FixedVelocityLayoutView.mergeTemplate(FixedVelocityLayoutView.java:351)
	at com.eyeieye.melody.web.velocity.resolver.FixedVelocityLayoutView.doRender(FixedVelocityLayoutView.java:229)
	at org.springframework.web.servlet.view.velocity.VelocityView.renderMergedTemplateModel(VelocityView.java:291)
	at org.springframework.web.servlet.view.AbstractTemplateView.renderMergedOutputModel(AbstractTemplateView.java:167)
	at org.springframework.web.servlet.view.AbstractView.render(AbstractView.java:250)
	at org.springframework.web.servlet.DispatcherServlet.render(DispatcherServlet.java:1047)
	at org.springframework.web.servlet.DispatcherServlet.doDispatch(DispatcherServlet.java:817)
	at org.springframework.web.servlet.DispatcherServlet.doService(DispatcherServlet.java:719)
	at com.eyeieye.melody.web.servlet.DispatcherServlet.doService(DispatcherServlet.java:49)
	at org.springframework.web.servlet.FrameworkServlet.processRequest(FrameworkServlet.java:644)
	at org.springframework.web.servlet.FrameworkServlet.doGet(FrameworkServlet.java:549)
	at javax.servlet.http.HttpServlet.service(HttpServlet.java:624)
	at javax.servlet.http.HttpServlet.service(HttpServlet.java:731)
	at org.apache.catalina.core.ApplicationFilterChain.internalDoFilter(ApplicationFilterChain.java:303)
	at org.apache.catalina.core.ApplicationFilterChain.doFilter(ApplicationFilterChain.java:208)
	at org.apache.tomcat.websocket.server.WsFilter.doFilter(WsFilter.java:52)
	at org.apache.catalina.core.ApplicationFilterChain.internalDoFilter(ApplicationFilterChain.java:241)
	at org.apache.catalina.core.ApplicationFilterChain.doFilter(ApplicationFilterChain.java:208)
	at com.eyeieye.melody.web.filter.SimpleOncePerRequestFilterChain$SimpleFilterChain.doFilter(SimpleOncePerRequestFilterChain.java:75)
	at com.eyeieye.melody.web.filter.PageCacheFilter.doFilter(PageCacheFilter.java:41)
	at com.eyeieye.melody.web.filter.SimpleOncePerRequestFilterChain$SimpleFilterChain.doFilter(SimpleOncePerRequestFilterChain.java:77)
	at com.eyeieye.melody.web.contain.ContainFilter.doFilter(ContainFilter.java:93)
	at com.eyeieye.melody.web.filter.SimpleOncePerRequestFilterChain$SimpleFilterChain.doFilter(SimpleOncePerRequestFilterChain.java:77)
	at com.eyeieye.melody.web.nosession.NoSessionFilter.doFilterInternal(NoSessionFilter.java:585)
	at org.springframework.web.filter.OncePerRequestFilter.doFilter(OncePerRequestFilter.java:76)
	at com.eyeieye.melody.web.filter.SimpleOncePerRequestFilterChain$SimpleFilterChain.doFilter(SimpleOncePerRequestFilterChain.java:77)
	at com.eyeieye.melody.web.filter.ResponseOutputBufferFilter.doFilterInternal(ResponseOutputBufferFilter.java:161)
	at org.springframework.web.filter.OncePerRequestFilter.doFilter(OncePerRequestFilter.java:76)
	at com.eyeieye.melody.web.filter.SimpleOncePerRequestFilterChain$SimpleFilterChain.doFilter(SimpleOncePerRequestFilterChain.java:77)
	at com.eyeieye.melody.profiler.SpringPerformanceMonitorFilter.doFilter(SpringPerformanceMonitorFilter.java:32)
	at com.eyeieye.melody.web.filter.SimpleOncePerRequestFilterChain$SimpleFilterChain.doFilter(SimpleOncePerRequestFilterChain.java:77)
	at org.springframework.web.filter.CharacterEncodingFilter.doFilterInternal(CharacterEncodingFilter.java:88)
	at org.springframework.web.filter.OncePerRequestFilter.doFilter(OncePerRequestFilter.java:76)
	at com.eyeieye.melody.web.filter.SimpleOncePerRequestFilterChain$SimpleFilterChain.doFilter(SimpleOncePerRequestFilterChain.java:77)
	at com.eyeieye.melody.web.filter.SimpleOncePerRequestFilterChain.doFilter(SimpleOncePerRequestFilterChain.java:46)
	at org.springframework.web.filter.DelegatingFilterProxy.invokeDelegate(DelegatingFilterProxy.java:237)
	at org.springframework.web.filter.DelegatingFilterProxy.doFilter(DelegatingFilterProxy.java:167)
	at org.apache.catalina.core.ApplicationFilterChain.internalDoFilter(ApplicationFilterChain.java:241)
	at org.apache.catalina.core.ApplicationFilterChain.doFilter(ApplicationFilterChain.java:208)
	at org.apache.catalina.core.StandardWrapperValve.invoke(StandardWrapperValve.java:218)
	at org.apache.catalina.core.StandardContextValve.invoke(StandardContextValve.java:122)
	at org.apache.catalina.authenticator.AuthenticatorBase.invoke(AuthenticatorBase.java:505)
	at org.apache.catalina.core.StandardHostValve.invoke(StandardHostValve.java:169)
	at org.apache.catalina.valves.ErrorReportValve.invoke(ErrorReportValve.java:103)
	at org.apache.catalina.valves.AccessLogValve.invoke(AccessLogValve.java:958)
	at org.apache.catalina.core.StandardEngineValve.invoke(StandardEngineValve.java:116)
	at org.apache.catalina.connector.CoyoteAdapter.service(CoyoteAdapter.java:452)
	at org.apache.coyote.http11.AbstractHttp11Processor.process(AbstractHttp11Processor.java:1087)
	at org.apache.coyote.AbstractProtocol$AbstractConnectionHandler.process(AbstractProtocol.java:637)
	at org.apache.tomcat.util.net.NioEndpoint$SocketProcessor.doRun(NioEndpoint.java:1756)
	at org.apache.tomcat.util.net.NioEndpoint$SocketProcessor.run(NioEndpoint.java:1715)
	at java.util.concurrent.ThreadPoolExecutor.runWorker(ThreadPoolExecutor.java:1145)
	at java.util.concurrent.ThreadPoolExecutor$Worker.run(ThreadPoolExecutor.java:615)
	at org.apache.tomcat.util.threads.TaskThread$WrappingRunnable.run(TaskThread.java:61)
	at java.lang.Thread.run(Thread.java:745)
Caused by: java.lang.IllegalStateException: AdministerAgent not find in Cookyjar
	at com.eyeieye.melody.demo.access.AdminAccessVMTool.init(AdminAccessVMTool.java:27)
	... 83 more
2017-09-21 16:58:16,901 ERROR [org.apache.velocity.tools.view.ViewToolInfo] - Exception when calling init(Object) on com.eyeieye.melody.demo.access.AdminAccessVMTool@40c0a5a
java.lang.reflect.InvocationTargetException
	at sun.reflect.NativeMethodAccessorImpl.invoke0(Native Method)
	at sun.reflect.NativeMethodAccessorImpl.invoke(NativeMethodAccessorImpl.java:57)
	at sun.reflect.DelegatingMethodAccessorImpl.invoke(DelegatingMethodAccessorImpl.java:43)
	at java.lang.reflect.Method.invoke(Method.java:606)
	at org.apache.velocity.tools.view.ViewToolInfo.getInstance(ViewToolInfo.java:229)
	at org.apache.velocity.tools.view.servlet.ServletToolboxManager.getToolbox(ServletToolboxManager.java:416)
	at org.springframework.web.servlet.view.velocity.VelocityToolboxView.createVelocityContext(VelocityToolboxView.java:111)
	at org.springframework.web.servlet.view.velocity.VelocityView.renderMergedTemplateModel(VelocityView.java:287)
	at org.springframework.web.servlet.view.AbstractTemplateView.renderMergedOutputModel(AbstractTemplateView.java:167)
	at org.springframework.web.servlet.view.AbstractView.render(AbstractView.java:250)
	at org.springframework.web.servlet.DispatcherServlet.render(DispatcherServlet.java:1047)
	at org.springframework.web.servlet.DispatcherServlet.doDispatch(DispatcherServlet.java:817)
	at org.springframework.web.servlet.DispatcherServlet.doService(DispatcherServlet.java:719)
	at com.eyeieye.melody.web.servlet.DispatcherServlet.doService(DispatcherServlet.java:49)
	at org.springframework.web.servlet.FrameworkServlet.processRequest(FrameworkServlet.java:644)
	at org.springframework.web.servlet.FrameworkServlet.doGet(FrameworkServlet.java:549)
	at javax.servlet.http.HttpServlet.service(HttpServlet.java:624)
	at javax.servlet.http.HttpServlet.service(HttpServlet.java:731)
	at org.apache.catalina.core.ApplicationFilterChain.internalDoFilter(ApplicationFilterChain.java:303)
	at org.apache.catalina.core.ApplicationFilterChain.doFilter(ApplicationFilterChain.java:208)
	at org.apache.tomcat.websocket.server.WsFilter.doFilter(WsFilter.java:52)
	at org.apache.catalina.core.ApplicationFilterChain.internalDoFilter(ApplicationFilterChain.java:241)
	at org.apache.catalina.core.ApplicationFilterChain.doFilter(ApplicationFilterChain.java:208)
	at com.eyeieye.melody.web.filter.SimpleOncePerRequestFilterChain$SimpleFilterChain.doFilter(SimpleOncePerRequestFilterChain.java:75)
	at com.eyeieye.melody.web.filter.PageCacheFilter.doFilter(PageCacheFilter.java:41)
	at com.eyeieye.melody.web.filter.SimpleOncePerRequestFilterChain$SimpleFilterChain.doFilter(SimpleOncePerRequestFilterChain.java:77)
	at com.eyeieye.melody.web.contain.ContainFilter.doFilter(ContainFilter.java:93)
	at com.eyeieye.melody.web.filter.SimpleOncePerRequestFilterChain$SimpleFilterChain.doFilter(SimpleOncePerRequestFilterChain.java:77)
	at com.eyeieye.melody.web.nosession.NoSessionFilter.doFilterInternal(NoSessionFilter.java:585)
	at org.springframework.web.filter.OncePerRequestFilter.doFilter(OncePerRequestFilter.java:76)
	at com.eyeieye.melody.web.filter.SimpleOncePerRequestFilterChain$SimpleFilterChain.doFilter(SimpleOncePerRequestFilterChain.java:77)
	at com.eyeieye.melody.web.filter.ResponseOutputBufferFilter.doFilterInternal(ResponseOutputBufferFilter.java:161)
	at org.springframework.web.filter.OncePerRequestFilter.doFilter(OncePerRequestFilter.java:76)
	at com.eyeieye.melody.web.filter.SimpleOncePerRequestFilterChain$SimpleFilterChain.doFilter(SimpleOncePerRequestFilterChain.java:77)
	at com.eyeieye.melody.profiler.SpringPerformanceMonitorFilter.doFilter(SpringPerformanceMonitorFilter.java:32)
	at com.eyeieye.melody.web.filter.SimpleOncePerRequestFilterChain$SimpleFilterChain.doFilter(SimpleOncePerRequestFilterChain.java:77)
	at org.springframework.web.filter.CharacterEncodingFilter.doFilterInternal(CharacterEncodingFilter.java:88)
	at org.springframework.web.filter.OncePerRequestFilter.doFilter(OncePerRequestFilter.java:76)
	at com.eyeieye.melody.web.filter.SimpleOncePerRequestFilterChain$SimpleFilterChain.doFilter(SimpleOncePerRequestFilterChain.java:77)
	at com.eyeieye.melody.web.filter.SimpleOncePerRequestFilterChain.doFilter(SimpleOncePerRequestFilterChain.java:46)
	at org.springframework.web.filter.DelegatingFilterProxy.invokeDelegate(DelegatingFilterProxy.java:237)
	at org.springframework.web.filter.DelegatingFilterProxy.doFilter(DelegatingFilterProxy.java:167)
	at org.apache.catalina.core.ApplicationFilterChain.internalDoFilter(ApplicationFilterChain.java:241)
	at org.apache.catalina.core.ApplicationFilterChain.doFilter(ApplicationFilterChain.java:208)
	at org.apache.catalina.core.StandardWrapperValve.invoke(StandardWrapperValve.java:218)
	at org.apache.catalina.core.StandardContextValve.invoke(StandardContextValve.java:122)
	at org.apache.catalina.authenticator.AuthenticatorBase.invoke(AuthenticatorBase.java:505)
	at org.apache.catalina.core.StandardHostValve.invoke(StandardHostValve.java:169)
	at org.apache.catalina.valves.ErrorReportValve.invoke(ErrorReportValve.java:103)
	at org.apache.catalina.valves.AccessLogValve.invoke(AccessLogValve.java:958)
	at org.apache.catalina.core.StandardEngineValve.invoke(StandardEngineValve.java:116)
	at org.apache.catalina.connector.CoyoteAdapter.service(CoyoteAdapter.java:452)
	at org.apache.coyote.http11.AbstractHttp11Processor.process(AbstractHttp11Processor.java:1087)
	at org.apache.coyote.AbstractProtocol$AbstractConnectionHandler.process(AbstractProtocol.java:637)
	at org.apache.tomcat.util.net.NioEndpoint$SocketProcessor.doRun(NioEndpoint.java:1756)
	at org.apache.tomcat.util.net.NioEndpoint$SocketProcessor.run(NioEndpoint.java:1715)
	at java.util.concurrent.ThreadPoolExecutor.runWorker(ThreadPoolExecutor.java:1145)
	at java.util.concurrent.ThreadPoolExecutor$Worker.run(ThreadPoolExecutor.java:615)
	at org.apache.tomcat.util.threads.TaskThread$WrappingRunnable.run(TaskThread.java:61)
	at java.lang.Thread.run(Thread.java:745)
Caused by: java.lang.IllegalStateException: AdministerAgent not find in Cookyjar
	at com.eyeieye.melody.demo.access.AdminAccessVMTool.init(AdminAccessVMTool.java:27)
	... 60 more
2017-09-21 16:58:16,953 ERROR [org.apache.velocity.tools.view.ViewToolInfo] - Exception when calling init(Object) on com.eyeieye.melody.demo.access.AdminAccessVMTool@2c94e84b
java.lang.reflect.InvocationTargetException
	at sun.reflect.NativeMethodAccessorImpl.invoke0(Native Method)
	at sun.reflect.NativeMethodAccessorImpl.invoke(NativeMethodAccessorImpl.java:57)
	at sun.reflect.DelegatingMethodAccessorImpl.invoke(DelegatingMethodAccessorImpl.java:43)
	at java.lang.reflect.Method.invoke(Method.java:606)
	at org.apache.velocity.tools.view.ViewToolInfo.getInstance(ViewToolInfo.java:229)
	at org.apache.velocity.tools.view.servlet.ServletToolboxManager.getToolbox(ServletToolboxManager.java:416)
	at org.springframework.web.servlet.view.velocity.VelocityToolboxView.createVelocityContext(VelocityToolboxView.java:111)
	at org.springframework.web.servlet.view.velocity.VelocityView.renderMergedTemplateModel(VelocityView.java:287)
	at org.springframework.web.servlet.view.AbstractTemplateView.renderMergedOutputModel(AbstractTemplateView.java:167)
	at org.springframework.web.servlet.view.AbstractView.render(AbstractView.java:250)
	at org.springframework.web.servlet.DispatcherServlet.render(DispatcherServlet.java:1047)
	at org.springframework.web.servlet.DispatcherServlet.doDispatch(DispatcherServlet.java:817)
	at com.eyeieye.melody.web.servlet.DispatcherServlet.doService(DispatcherServlet.java:47)
	at org.springframework.web.servlet.FrameworkServlet.processRequest(FrameworkServlet.java:644)
	at org.springframework.web.servlet.FrameworkServlet.doGet(FrameworkServlet.java:549)
	at javax.servlet.http.HttpServlet.service(HttpServlet.java:624)
	at javax.servlet.http.HttpServlet.service(HttpServlet.java:731)
	at org.apache.catalina.core.ApplicationFilterChain.internalDoFilter(ApplicationFilterChain.java:303)
	at org.apache.catalina.core.ApplicationFilterChain.doFilter(ApplicationFilterChain.java:208)
	at org.apache.catalina.core.ApplicationDispatcher.invoke(ApplicationDispatcher.java:747)
	at org.apache.catalina.core.ApplicationDispatcher.doInclude(ApplicationDispatcher.java:603)
	at org.apache.catalina.core.ApplicationDispatcher.include(ApplicationDispatcher.java:542)
	at com.eyeieye.melody.web.contain.Contain$ControlRender.render(Contain.java:215)
	at org.apache.velocity.runtime.parser.node.ASTReference.render(ASTReference.java:414)
	at org.apache.velocity.runtime.parser.node.SimpleNode.render(SimpleNode.java:342)
	at org.apache.velocity.Template.merge(Template.java:356)
	at org.apache.velocity.Template.merge(Template.java:260)
	at org.springframework.web.servlet.view.velocity.VelocityView.mergeTemplate(VelocityView.java:517)
	at com.eyeieye.melody.web.velocity.resolver.FixedVelocityLayoutView.mergeTemplate(FixedVelocityLayoutView.java:351)
	at com.eyeieye.melody.web.velocity.resolver.FixedVelocityLayoutView.doRender(FixedVelocityLayoutView.java:229)
	at org.springframework.web.servlet.view.velocity.VelocityView.renderMergedTemplateModel(VelocityView.java:291)
	at org.springframework.web.servlet.view.AbstractTemplateView.renderMergedOutputModel(AbstractTemplateView.java:167)
	at org.springframework.web.servlet.view.AbstractView.render(AbstractView.java:250)
	at org.springframework.web.servlet.DispatcherServlet.render(DispatcherServlet.java:1047)
	at org.springframework.web.servlet.DispatcherServlet.doDispatch(DispatcherServlet.java:817)
	at org.springframework.web.servlet.DispatcherServlet.doService(DispatcherServlet.java:719)
	at com.eyeieye.melody.web.servlet.DispatcherServlet.doService(DispatcherServlet.java:49)
	at org.springframework.web.servlet.FrameworkServlet.processRequest(FrameworkServlet.java:644)
	at org.springframework.web.servlet.FrameworkServlet.doGet(FrameworkServlet.java:549)
	at javax.servlet.http.HttpServlet.service(HttpServlet.java:624)
	at javax.servlet.http.HttpServlet.service(HttpServlet.java:731)
	at org.apache.catalina.core.ApplicationFilterChain.internalDoFilter(ApplicationFilterChain.java:303)
	at org.apache.catalina.core.ApplicationFilterChain.doFilter(ApplicationFilterChain.java:208)
	at org.apache.tomcat.websocket.server.WsFilter.doFilter(WsFilter.java:52)
	at org.apache.catalina.core.ApplicationFilterChain.internalDoFilter(ApplicationFilterChain.java:241)
	at org.apache.catalina.core.ApplicationFilterChain.doFilter(ApplicationFilterChain.java:208)
	at com.eyeieye.melody.web.filter.SimpleOncePerRequestFilterChain$SimpleFilterChain.doFilter(SimpleOncePerRequestFilterChain.java:75)
	at com.eyeieye.melody.web.filter.PageCacheFilter.doFilter(PageCacheFilter.java:41)
	at com.eyeieye.melody.web.filter.SimpleOncePerRequestFilterChain$SimpleFilterChain.doFilter(SimpleOncePerRequestFilterChain.java:77)
	at com.eyeieye.melody.web.contain.ContainFilter.doFilter(ContainFilter.java:93)
	at com.eyeieye.melody.web.filter.SimpleOncePerRequestFilterChain$SimpleFilterChain.doFilter(SimpleOncePerRequestFilterChain.java:77)
	at com.eyeieye.melody.web.nosession.NoSessionFilter.doFilterInternal(NoSessionFilter.java:585)
	at org.springframework.web.filter.OncePerRequestFilter.doFilter(OncePerRequestFilter.java:76)
	at com.eyeieye.melody.web.filter.SimpleOncePerRequestFilterChain$SimpleFilterChain.doFilter(SimpleOncePerRequestFilterChain.java:77)
	at com.eyeieye.melody.web.filter.ResponseOutputBufferFilter.doFilterInternal(ResponseOutputBufferFilter.java:161)
	at org.springframework.web.filter.OncePerRequestFilter.doFilter(OncePerRequestFilter.java:76)
	at com.eyeieye.melody.web.filter.SimpleOncePerRequestFilterChain$SimpleFilterChain.doFilter(SimpleOncePerRequestFilterChain.java:77)
	at com.eyeieye.melody.profiler.SpringPerformanceMonitorFilter.doFilter(SpringPerformanceMonitorFilter.java:32)
	at com.eyeieye.melody.web.filter.SimpleOncePerRequestFilterChain$SimpleFilterChain.doFilter(SimpleOncePerRequestFilterChain.java:77)
	at org.springframework.web.filter.CharacterEncodingFilter.doFilterInternal(CharacterEncodingFilter.java:88)
	at org.springframework.web.filter.OncePerRequestFilter.doFilter(OncePerRequestFilter.java:76)
	at com.eyeieye.melody.web.filter.SimpleOncePerRequestFilterChain$SimpleFilterChain.doFilter(SimpleOncePerRequestFilterChain.java:77)
	at com.eyeieye.melody.web.filter.SimpleOncePerRequestFilterChain.doFilter(SimpleOncePerRequestFilterChain.java:46)
	at org.springframework.web.filter.DelegatingFilterProxy.invokeDelegate(DelegatingFilterProxy.java:237)
	at org.springframework.web.filter.DelegatingFilterProxy.doFilter(DelegatingFilterProxy.java:167)
	at org.apache.catalina.core.ApplicationFilterChain.internalDoFilter(ApplicationFilterChain.java:241)
	at org.apache.catalina.core.ApplicationFilterChain.doFilter(ApplicationFilterChain.java:208)
	at org.apache.catalina.core.StandardWrapperValve.invoke(StandardWrapperValve.java:218)
	at org.apache.catalina.core.StandardContextValve.invoke(StandardContextValve.java:122)
	at org.apache.catalina.authenticator.AuthenticatorBase.invoke(AuthenticatorBase.java:505)
	at org.apache.catalina.core.StandardHostValve.invoke(StandardHostValve.java:169)
	at org.apache.catalina.valves.ErrorReportValve.invoke(ErrorReportValve.java:103)
	at org.apache.catalina.valves.AccessLogValve.invoke(AccessLogValve.java:958)
	at org.apache.catalina.core.StandardEngineValve.invoke(StandardEngineValve.java:116)
	at org.apache.catalina.connector.CoyoteAdapter.service(CoyoteAdapter.java:452)
	at org.apache.coyote.http11.AbstractHttp11Processor.process(AbstractHttp11Processor.java:1087)
	at org.apache.coyote.AbstractProtocol$AbstractConnectionHandler.process(AbstractProtocol.java:637)
	at org.apache.tomcat.util.net.NioEndpoint$SocketProcessor.doRun(NioEndpoint.java:1756)
	at org.apache.tomcat.util.net.NioEndpoint$SocketProcessor.run(NioEndpoint.java:1715)
	at java.util.concurrent.ThreadPoolExecutor.runWorker(ThreadPoolExecutor.java:1145)
	at java.util.concurrent.ThreadPoolExecutor$Worker.run(ThreadPoolExecutor.java:615)
	at org.apache.tomcat.util.threads.TaskThread$WrappingRunnable.run(TaskThread.java:61)
	at java.lang.Thread.run(Thread.java:745)
Caused by: java.lang.IllegalStateException: AdministerAgent not find in Cookyjar
	at com.eyeieye.melody.demo.access.AdminAccessVMTool.init(AdminAccessVMTool.java:27)
	... 83 more
2017-09-21 16:58:16,980 ERROR [org.apache.velocity.tools.view.ViewToolInfo] - Exception when calling init(Object) on com.eyeieye.melody.demo.access.AdminAccessVMTool@1acb285d
java.lang.reflect.InvocationTargetException
	at sun.reflect.NativeMethodAccessorImpl.invoke0(Native Method)
	at sun.reflect.NativeMethodAccessorImpl.invoke(NativeMethodAccessorImpl.java:57)
	at sun.reflect.DelegatingMethodAccessorImpl.invoke(DelegatingMethodAccessorImpl.java:43)
	at java.lang.reflect.Method.invoke(Method.java:606)
	at org.apache.velocity.tools.view.ViewToolInfo.getInstance(ViewToolInfo.java:229)
	at org.apache.velocity.tools.view.servlet.ServletToolboxManager.getToolbox(ServletToolboxManager.java:416)
	at org.springframework.web.servlet.view.velocity.VelocityToolboxView.createVelocityContext(VelocityToolboxView.java:111)
	at org.springframework.web.servlet.view.velocity.VelocityView.renderMergedTemplateModel(VelocityView.java:287)
	at org.springframework.web.servlet.view.AbstractTemplateView.renderMergedOutputModel(AbstractTemplateView.java:167)
	at org.springframework.web.servlet.view.AbstractView.render(AbstractView.java:250)
	at org.springframework.web.servlet.DispatcherServlet.render(DispatcherServlet.java:1047)
	at org.springframework.web.servlet.DispatcherServlet.doDispatch(DispatcherServlet.java:817)
	at com.eyeieye.melody.web.servlet.DispatcherServlet.doService(DispatcherServlet.java:47)
	at org.springframework.web.servlet.FrameworkServlet.processRequest(FrameworkServlet.java:644)
	at org.springframework.web.servlet.FrameworkServlet.doGet(FrameworkServlet.java:549)
	at javax.servlet.http.HttpServlet.service(HttpServlet.java:624)
	at javax.servlet.http.HttpServlet.service(HttpServlet.java:731)
	at org.apache.catalina.core.ApplicationFilterChain.internalDoFilter(ApplicationFilterChain.java:303)
	at org.apache.catalina.core.ApplicationFilterChain.doFilter(ApplicationFilterChain.java:208)
	at org.apache.catalina.core.ApplicationDispatcher.invoke(ApplicationDispatcher.java:747)
	at org.apache.catalina.core.ApplicationDispatcher.doInclude(ApplicationDispatcher.java:603)
	at org.apache.catalina.core.ApplicationDispatcher.include(ApplicationDispatcher.java:542)
	at com.eyeieye.melody.web.contain.Contain$ControlRender.render(Contain.java:215)
	at org.apache.velocity.runtime.parser.node.ASTReference.render(ASTReference.java:414)
	at org.apache.velocity.runtime.parser.node.SimpleNode.render(SimpleNode.java:342)
	at org.apache.velocity.Template.merge(Template.java:356)
	at org.apache.velocity.Template.merge(Template.java:260)
	at org.springframework.web.servlet.view.velocity.VelocityView.mergeTemplate(VelocityView.java:517)
	at com.eyeieye.melody.web.velocity.resolver.FixedVelocityLayoutView.mergeTemplate(FixedVelocityLayoutView.java:351)
	at com.eyeieye.melody.web.velocity.resolver.FixedVelocityLayoutView.doRender(FixedVelocityLayoutView.java:229)
	at org.springframework.web.servlet.view.velocity.VelocityView.renderMergedTemplateModel(VelocityView.java:291)
	at org.springframework.web.servlet.view.AbstractTemplateView.renderMergedOutputModel(AbstractTemplateView.java:167)
	at org.springframework.web.servlet.view.AbstractView.render(AbstractView.java:250)
	at org.springframework.web.servlet.DispatcherServlet.render(DispatcherServlet.java:1047)
	at org.springframework.web.servlet.DispatcherServlet.doDispatch(DispatcherServlet.java:817)
	at org.springframework.web.servlet.DispatcherServlet.doService(DispatcherServlet.java:719)
	at com.eyeieye.melody.web.servlet.DispatcherServlet.doService(DispatcherServlet.java:49)
	at org.springframework.web.servlet.FrameworkServlet.processRequest(FrameworkServlet.java:644)
	at org.springframework.web.servlet.FrameworkServlet.doGet(FrameworkServlet.java:549)
	at javax.servlet.http.HttpServlet.service(HttpServlet.java:624)
	at javax.servlet.http.HttpServlet.service(HttpServlet.java:731)
	at org.apache.catalina.core.ApplicationFilterChain.internalDoFilter(ApplicationFilterChain.java:303)
	at org.apache.catalina.core.ApplicationFilterChain.doFilter(ApplicationFilterChain.java:208)
	at org.apache.tomcat.websocket.server.WsFilter.doFilter(WsFilter.java:52)
	at org.apache.catalina.core.ApplicationFilterChain.internalDoFilter(ApplicationFilterChain.java:241)
	at org.apache.catalina.core.ApplicationFilterChain.doFilter(ApplicationFilterChain.java:208)
	at com.eyeieye.melody.web.filter.SimpleOncePerRequestFilterChain$SimpleFilterChain.doFilter(SimpleOncePerRequestFilterChain.java:75)
	at com.eyeieye.melody.web.filter.PageCacheFilter.doFilter(PageCacheFilter.java:41)
	at com.eyeieye.melody.web.filter.SimpleOncePerRequestFilterChain$SimpleFilterChain.doFilter(SimpleOncePerRequestFilterChain.java:77)
	at com.eyeieye.melody.web.contain.ContainFilter.doFilter(ContainFilter.java:93)
	at com.eyeieye.melody.web.filter.SimpleOncePerRequestFilterChain$SimpleFilterChain.doFilter(SimpleOncePerRequestFilterChain.java:77)
	at com.eyeieye.melody.web.nosession.NoSessionFilter.doFilterInternal(NoSessionFilter.java:585)
	at org.springframework.web.filter.OncePerRequestFilter.doFilter(OncePerRequestFilter.java:76)
	at com.eyeieye.melody.web.filter.SimpleOncePerRequestFilterChain$SimpleFilterChain.doFilter(SimpleOncePerRequestFilterChain.java:77)
	at com.eyeieye.melody.web.filter.ResponseOutputBufferFilter.doFilterInternal(ResponseOutputBufferFilter.java:161)
	at org.springframework.web.filter.OncePerRequestFilter.doFilter(OncePerRequestFilter.java:76)
	at com.eyeieye.melody.web.filter.SimpleOncePerRequestFilterChain$SimpleFilterChain.doFilter(SimpleOncePerRequestFilterChain.java:77)
	at com.eyeieye.melody.profiler.SpringPerformanceMonitorFilter.doFilter(SpringPerformanceMonitorFilter.java:32)
	at com.eyeieye.melody.web.filter.SimpleOncePerRequestFilterChain$SimpleFilterChain.doFilter(SimpleOncePerRequestFilterChain.java:77)
	at org.springframework.web.filter.CharacterEncodingFilter.doFilterInternal(CharacterEncodingFilter.java:88)
	at org.springframework.web.filter.OncePerRequestFilter.doFilter(OncePerRequestFilter.java:76)
	at com.eyeieye.melody.web.filter.SimpleOncePerRequestFilterChain$SimpleFilterChain.doFilter(SimpleOncePerRequestFilterChain.java:77)
	at com.eyeieye.melody.web.filter.SimpleOncePerRequestFilterChain.doFilter(SimpleOncePerRequestFilterChain.java:46)
	at org.springframework.web.filter.DelegatingFilterProxy.invokeDelegate(DelegatingFilterProxy.java:237)
	at org.springframework.web.filter.DelegatingFilterProxy.doFilter(DelegatingFilterProxy.java:167)
	at org.apache.catalina.core.ApplicationFilterChain.internalDoFilter(ApplicationFilterChain.java:241)
	at org.apache.catalina.core.ApplicationFilterChain.doFilter(ApplicationFilterChain.java:208)
	at org.apache.catalina.core.StandardWrapperValve.invoke(StandardWrapperValve.java:218)
	at org.apache.catalina.core.StandardContextValve.invoke(StandardContextValve.java:122)
	at org.apache.catalina.authenticator.AuthenticatorBase.invoke(AuthenticatorBase.java:505)
	at org.apache.catalina.core.StandardHostValve.invoke(StandardHostValve.java:169)
	at org.apache.catalina.valves.ErrorReportValve.invoke(ErrorReportValve.java:103)
	at org.apache.catalina.valves.AccessLogValve.invoke(AccessLogValve.java:958)
	at org.apache.catalina.core.StandardEngineValve.invoke(StandardEngineValve.java:116)
	at org.apache.catalina.connector.CoyoteAdapter.service(CoyoteAdapter.java:452)
	at org.apache.coyote.http11.AbstractHttp11Processor.process(AbstractHttp11Processor.java:1087)
	at org.apache.coyote.AbstractProtocol$AbstractConnectionHandler.process(AbstractProtocol.java:637)
	at org.apache.tomcat.util.net.NioEndpoint$SocketProcessor.doRun(NioEndpoint.java:1756)
	at org.apache.tomcat.util.net.NioEndpoint$SocketProcessor.run(NioEndpoint.java:1715)
	at java.util.concurrent.ThreadPoolExecutor.runWorker(ThreadPoolExecutor.java:1145)
	at java.util.concurrent.ThreadPoolExecutor$Worker.run(ThreadPoolExecutor.java:615)
	at org.apache.tomcat.util.threads.TaskThread$WrappingRunnable.run(TaskThread.java:61)
	at java.lang.Thread.run(Thread.java:745)
Caused by: java.lang.IllegalStateException: AdministerAgent not find in Cookyjar
	at com.eyeieye.melody.demo.access.AdminAccessVMTool.init(AdminAccessVMTool.java:27)
	... 83 more
